2020-05-09 21:15:07.318 DEBUG 4360 --- [main] o.s.w.c.s.GenericWebApplicationContext   : Refreshing org.springframework.web.context.support.GenericWebApplicationContext@282cb7c7
2020-05-09 21:15:17.521  WARN 4360 --- [main] JpaBaseConfiguration$JpaWebConfiguration : spring.jpa.open-in-view is enabled by default. Therefore, database queries may be performed during view rendering. Explicitly configure spring.jpa.open-in-view to disable this warning
2020-05-09 21:15:18.749 DEBUG 4360 --- [main] s.w.s.m.m.a.RequestMappingHandlerAdapter : ControllerAdvice beans: 0 @ModelAttribute, 0 @InitBinder, 1 RequestBodyAdvice, 1 ResponseBodyAdvice
2020-05-09 21:15:18.854 DEBUG 4360 --- [main] s.w.s.m.m.a.RequestMappingHandlerMapping : 32 mappings in 'requestMappingHandlerMapping'
2020-05-09 21:15:18.922 DEBUG 4360 --- [main] o.s.w.s.handler.SimpleUrlHandlerMapping  : Patterns [/webjars/**, /**] in 'resourceHandlerMapping'
2020-05-09 21:15:18.944 DEBUG 4360 --- [main] .m.m.a.ExceptionHandlerExceptionResolver : ControllerAdvice beans: 1 @ExceptionHandler, 1 ResponseBodyAdvice
2020-05-09 21:15:20.593 DEBUG 4360 --- [SpringContextShutdownHook] o.s.w.c.s.GenericWebApplicationContext   : Closing org.springframework.web.context.support.GenericWebApplicationContext@282cb7c7, started on Sat May 09 21:15:07 CST 2020
2020-05-09 21:15:33.208 DEBUG 2808 --- [main] o.s.w.c.s.GenericWebApplicationContext   : Refreshing org.springframework.web.context.support.GenericWebApplicationContext@4f3bbf68
2020-05-09 21:15:38.143  WARN 2808 --- [main] JpaBaseConfiguration$JpaWebConfiguration : spring.jpa.open-in-view is enabled by default. Therefore, database queries may be performed during view rendering. Explicitly configure spring.jpa.open-in-view to disable this warning
2020-05-09 21:15:40.429 DEBUG 2808 --- [main] s.w.s.m.m.a.RequestMappingHandlerAdapter : ControllerAdvice beans: 0 @ModelAttribute, 0 @InitBinder, 1 RequestBodyAdvice, 1 ResponseBodyAdvice
2020-05-09 21:15:40.737 DEBUG 2808 --- [main] s.w.s.m.m.a.RequestMappingHandlerMapping : 32 mappings in 'requestMappingHandlerMapping'
2020-05-09 21:15:40.861 DEBUG 2808 --- [main] o.s.w.s.handler.SimpleUrlHandlerMapping  : Patterns [/webjars/**, /**] in 'resourceHandlerMapping'
2020-05-09 21:15:40.893 DEBUG 2808 --- [main] .m.m.a.ExceptionHandlerExceptionResolver : ControllerAdvice beans: 1 @ExceptionHandler, 1 ResponseBodyAdvice
2020-05-09 21:15:42.910 DEBUG 2808 --- [SpringContextShutdownHook] o.s.w.c.s.GenericWebApplicationContext   : Closing org.springframework.web.context.support.GenericWebApplicationContext@4f3bbf68, started on Sat May 09 21:15:33 CST 2020
2020-05-09 21:16:07.670 DEBUG 20064 --- [main] o.s.w.c.s.GenericWebApplicationContext   : Refreshing org.springframework.web.context.support.GenericWebApplicationContext@282cb7c7
2020-05-09 21:16:13.568  WARN 20064 --- [main] JpaBaseConfiguration$JpaWebConfiguration : spring.jpa.open-in-view is enabled by default. Therefore, database queries may be performed during view rendering. Explicitly configure spring.jpa.open-in-view to disable this warning
2020-05-09 21:16:14.979 DEBUG 20064 --- [main] s.w.s.m.m.a.RequestMappingHandlerAdapter : ControllerAdvice beans: 0 @ModelAttribute, 0 @InitBinder, 1 RequestBodyAdvice, 1 ResponseBodyAdvice
2020-05-09 21:16:15.109 DEBUG 20064 --- [main] s.w.s.m.m.a.RequestMappingHandlerMapping : 32 mappings in 'requestMappingHandlerMapping'
2020-05-09 21:16:15.204 DEBUG 20064 --- [main] o.s.w.s.handler.SimpleUrlHandlerMapping  : Patterns [/webjars/**, /**] in 'resourceHandlerMapping'
2020-05-09 21:16:15.231 DEBUG 20064 --- [main] .m.m.a.ExceptionHandlerExceptionResolver : ControllerAdvice beans: 1 @ExceptionHandler, 1 ResponseBodyAdvice
2020-05-09 21:16:16.815 DEBUG 20064 --- [SpringContextShutdownHook] o.s.w.c.s.GenericWebApplicationContext   : Closing org.springframework.web.context.support.GenericWebApplicationContext@282cb7c7, started on Sat May 09 21:16:07 CST 2020
2020-05-09 21:18:26.621 DEBUG 4000 --- [main] o.s.w.c.s.GenericWebApplicationContext   : Refreshing org.springframework.web.context.support.GenericWebApplicationContext@258d79be
2020-05-09 21:18:32.423  WARN 4000 --- [main] JpaBaseConfiguration$JpaWebConfiguration : spring.jpa.open-in-view is enabled by default. Therefore, database queries may be performed during view rendering. Explicitly configure spring.jpa.open-in-view to disable this warning
2020-05-09 21:18:33.647 DEBUG 4000 --- [main] s.w.s.m.m.a.RequestMappingHandlerAdapter : ControllerAdvice beans: 0 @ModelAttribute, 0 @InitBinder, 1 RequestBodyAdvice, 1 ResponseBodyAdvice
2020-05-09 21:18:33.771 DEBUG 4000 --- [main] s.w.s.m.m.a.RequestMappingHandlerMapping : 32 mappings in 'requestMappingHandlerMapping'
2020-05-09 21:18:33.859 DEBUG 4000 --- [main] o.s.w.s.handler.SimpleUrlHandlerMapping  : Patterns [/webjars/**, /**] in 'resourceHandlerMapping'
2020-05-09 21:18:33.883 DEBUG 4000 --- [main] .m.m.a.ExceptionHandlerExceptionResolver : ControllerAdvice beans: 1 @ExceptionHandler, 1 ResponseBodyAdvice
2020-05-09 21:18:36.120 DEBUG 4000 --- [SpringContextShutdownHook] o.s.w.c.s.GenericWebApplicationContext   : Closing org.springframework.web.context.support.GenericWebApplicationContext@258d79be, started on Sat May 09 21:18:26 CST 2020
2020-05-09 21:20:45.553 DEBUG 18572 --- [main] o.s.w.c.s.GenericWebApplicationContext   : Refreshing org.springframework.web.context.support.GenericWebApplicationContext@258d79be
2020-05-09 21:20:50.792  WARN 18572 --- [main] JpaBaseConfiguration$JpaWebConfiguration : spring.jpa.open-in-view is enabled by default. Therefore, database queries may be performed during view rendering. Explicitly configure spring.jpa.open-in-view to disable this warning
2020-05-09 21:20:52.029 DEBUG 18572 --- [main] s.w.s.m.m.a.RequestMappingHandlerAdapter : ControllerAdvice beans: 0 @ModelAttribute, 0 @InitBinder, 1 RequestBodyAdvice, 1 ResponseBodyAdvice
2020-05-09 21:20:52.140 DEBUG 18572 --- [main] s.w.s.m.m.a.RequestMappingHandlerMapping : 32 mappings in 'requestMappingHandlerMapping'
2020-05-09 21:20:52.227 DEBUG 18572 --- [main] o.s.w.s.handler.SimpleUrlHandlerMapping  : Patterns [/webjars/**, /**] in 'resourceHandlerMapping'
2020-05-09 21:20:52.259 DEBUG 18572 --- [main] .m.m.a.ExceptionHandlerExceptionResolver : ControllerAdvice beans: 1 @ExceptionHandler, 1 ResponseBodyAdvice
2020-05-09 21:20:54.592 DEBUG 18572 --- [SpringContextShutdownHook] o.s.w.c.s.GenericWebApplicationContext   : Closing org.springframework.web.context.support.GenericWebApplicationContext@258d79be, started on Sat May 09 21:20:45 CST 2020
2020-05-09 21:21:25.763 DEBUG 19532 --- [main] o.s.w.c.s.GenericWebApplicationContext   : Refreshing org.springframework.web.context.support.GenericWebApplicationContext@258d79be
2020-05-09 21:21:32.128  WARN 19532 --- [main] JpaBaseConfiguration$JpaWebConfiguration : spring.jpa.open-in-view is enabled by default. Therefore, database queries may be performed during view rendering. Explicitly configure spring.jpa.open-in-view to disable this warning
2020-05-09 21:21:33.393 DEBUG 19532 --- [main] s.w.s.m.m.a.RequestMappingHandlerAdapter : ControllerAdvice beans: 0 @ModelAttribute, 0 @InitBinder, 1 RequestBodyAdvice, 1 ResponseBodyAdvice
2020-05-09 21:21:33.501 DEBUG 19532 --- [main] s.w.s.m.m.a.RequestMappingHandlerMapping : 32 mappings in 'requestMappingHandlerMapping'
2020-05-09 21:21:33.578 DEBUG 19532 --- [main] o.s.w.s.handler.SimpleUrlHandlerMapping  : Patterns [/webjars/**, /**] in 'resourceHandlerMapping'
2020-05-09 21:21:33.598 DEBUG 19532 --- [main] .m.m.a.ExceptionHandlerExceptionResolver : ControllerAdvice beans: 1 @ExceptionHandler, 1 ResponseBodyAdvice
2020-05-09 21:21:35.846 DEBUG 19532 --- [SpringContextShutdownHook] o.s.w.c.s.GenericWebApplicationContext   : Closing org.springframework.web.context.support.GenericWebApplicationContext@258d79be, started on Sat May 09 21:21:25 CST 2020
2020-05-09 21:24:47.958 DEBUG 17468 --- [main] o.s.w.c.s.GenericWebApplicationContext   : Refreshing org.springframework.web.context.support.GenericWebApplicationContext@14f9390f
2020-05-09 21:24:53.380  WARN 17468 --- [main] JpaBaseConfiguration$JpaWebConfiguration : spring.jpa.open-in-view is enabled by default. Therefore, database queries may be performed during view rendering. Explicitly configure spring.jpa.open-in-view to disable this warning
2020-05-09 21:24:54.633 DEBUG 17468 --- [main] s.w.s.m.m.a.RequestMappingHandlerAdapter : ControllerAdvice beans: 0 @ModelAttribute, 0 @InitBinder, 1 RequestBodyAdvice, 1 ResponseBodyAdvice
2020-05-09 21:24:54.754 DEBUG 17468 --- [main] s.w.s.m.m.a.RequestMappingHandlerMapping : 32 mappings in 'requestMappingHandlerMapping'
2020-05-09 21:24:54.838 DEBUG 17468 --- [main] o.s.w.s.handler.SimpleUrlHandlerMapping  : Patterns [/webjars/**, /**] in 'resourceHandlerMapping'
2020-05-09 21:24:54.867 DEBUG 17468 --- [main] .m.m.a.ExceptionHandlerExceptionResolver : ControllerAdvice beans: 1 @ExceptionHandler, 1 ResponseBodyAdvice
2020-05-09 21:24:57.458 DEBUG 17468 --- [SpringContextShutdownHook] o.s.w.c.s.GenericWebApplicationContext   : Closing org.springframework.web.context.support.GenericWebApplicationContext@14f9390f, started on Sat May 09 21:24:47 CST 2020
2020-05-09 21:25:17.499 DEBUG 18956 --- [main] o.s.w.c.s.GenericWebApplicationContext   : Refreshing org.springframework.web.context.support.GenericWebApplicationContext@258d79be
2020-05-09 21:25:22.601  WARN 18956 --- [main] JpaBaseConfiguration$JpaWebConfiguration : spring.jpa.open-in-view is enabled by default. Therefore, database queries may be performed during view rendering. Explicitly configure spring.jpa.open-in-view to disable this warning
2020-05-09 21:25:23.856 DEBUG 18956 --- [main] s.w.s.m.m.a.RequestMappingHandlerAdapter : ControllerAdvice beans: 0 @ModelAttribute, 0 @InitBinder, 1 RequestBodyAdvice, 1 ResponseBodyAdvice
2020-05-09 21:25:23.980 DEBUG 18956 --- [main] s.w.s.m.m.a.RequestMappingHandlerMapping : 32 mappings in 'requestMappingHandlerMapping'
2020-05-09 21:25:24.056 DEBUG 18956 --- [main] o.s.w.s.handler.SimpleUrlHandlerMapping  : Patterns [/webjars/**, /**] in 'resourceHandlerMapping'
2020-05-09 21:25:24.083 DEBUG 18956 --- [main] .m.m.a.ExceptionHandlerExceptionResolver : ControllerAdvice beans: 1 @ExceptionHandler, 1 ResponseBodyAdvice
2020-05-09 21:25:26.363 DEBUG 18956 --- [SpringContextShutdownHook] o.s.w.c.s.GenericWebApplicationContext   : Closing org.springframework.web.context.support.GenericWebApplicationContext@258d79be, started on Sat May 09 21:25:17 CST 2020
2020-05-09 21:25:39.795 DEBUG 10212 --- [main] o.s.w.c.s.GenericWebApplicationContext   : Refreshing org.springframework.web.context.support.GenericWebApplicationContext@258d79be
2020-05-09 21:25:45.715  WARN 10212 --- [main] JpaBaseConfiguration$JpaWebConfiguration : spring.jpa.open-in-view is enabled by default. Therefore, database queries may be performed during view rendering. Explicitly configure spring.jpa.open-in-view to disable this warning
2020-05-09 21:25:47.093 DEBUG 10212 --- [main] s.w.s.m.m.a.RequestMappingHandlerAdapter : ControllerAdvice beans: 0 @ModelAttribute, 0 @InitBinder, 1 RequestBodyAdvice, 1 ResponseBodyAdvice
2020-05-09 21:25:47.226 DEBUG 10212 --- [main] s.w.s.m.m.a.RequestMappingHandlerMapping : 32 mappings in 'requestMappingHandlerMapping'
2020-05-09 21:25:47.310 DEBUG 10212 --- [main] o.s.w.s.handler.SimpleUrlHandlerMapping  : Patterns [/webjars/**, /**] in 'resourceHandlerMapping'
2020-05-09 21:25:47.336 DEBUG 10212 --- [main] .m.m.a.ExceptionHandlerExceptionResolver : ControllerAdvice beans: 1 @ExceptionHandler, 1 ResponseBodyAdvice
2020-05-09 21:25:49.872 DEBUG 10212 --- [SpringContextShutdownHook] o.s.w.c.s.GenericWebApplicationContext   : Closing org.springframework.web.context.support.GenericWebApplicationContext@258d79be, started on Sat May 09 21:25:39 CST 2020
2020-05-09 21:41:19.374 DEBUG 15876 --- [restartedMain] o.s.web.context.ContextLoader            : Published root WebApplicationContext as ServletContext attribute with name [org.springframework.web.context.WebApplicationContext.ROOT]
2020-05-09 21:41:19.378  INFO 15876 --- [restartedMain] o.s.web.context.ContextLoader            : Root WebApplicationContext: initialization completed in 1839 ms
2020-05-09 21:41:21.740  WARN 15876 --- [restartedMain] JpaBaseConfiguration$JpaWebConfiguration : spring.jpa.open-in-view is enabled by default. Therefore, database queries may be performed during view rendering. Explicitly configure spring.jpa.open-in-view to disable this warning
2020-05-09 21:41:22.140 DEBUG 15876 --- [restartedMain] s.w.s.m.m.a.RequestMappingHandlerAdapter : ControllerAdvice beans: 0 @ModelAttribute, 0 @InitBinder, 1 RequestBodyAdvice, 1 ResponseBodyAdvice
2020-05-09 21:41:22.198 DEBUG 15876 --- [restartedMain] s.w.s.m.m.a.RequestMappingHandlerMapping : 32 mappings in 'requestMappingHandlerMapping'
2020-05-09 21:41:22.221 DEBUG 15876 --- [restartedMain] o.s.w.s.handler.SimpleUrlHandlerMapping  : Patterns [/webjars/**, /**] in 'resourceHandlerMapping'
2020-05-09 21:41:22.241 DEBUG 15876 --- [restartedMain] .m.m.a.ExceptionHandlerExceptionResolver : ControllerAdvice beans: 1 @ExceptionHandler, 1 ResponseBodyAdvice
2020-05-09 21:42:36.026  WARN 15876 --- [http-nio-8080-exec-1] f.se.lab2.security.jwt.JwtRequestFilter  : JWT Token does not begin with Bearer String
2020-05-09 21:42:36.146  WARN 15876 --- [http-nio-8080-exec-2] f.se.lab2.security.jwt.JwtRequestFilter  : JWT Token does not begin with Bearer String
2020-05-09 21:42:36.160  WARN 15876 --- [http-nio-8080-exec-3] f.se.lab2.security.jwt.JwtRequestFilter  : JWT Token does not begin with Bearer String
2020-05-09 21:42:36.191  WARN 15876 --- [http-nio-8080-exec-4] f.se.lab2.security.jwt.JwtRequestFilter  : JWT Token does not begin with Bearer String
2020-05-09 21:42:42.472  WARN 15876 --- [http-nio-8080-exec-8] f.se.lab2.security.jwt.JwtRequestFilter  : JWT Token does not begin with Bearer String
2020-05-09 21:42:47.577  WARN 15876 --- [http-nio-8080-exec-6] f.se.lab2.security.jwt.JwtRequestFilter  : JWT Token does not begin with Bearer String
2020-05-09 21:42:48.108  WARN 15876 --- [http-nio-8080-exec-9] f.se.lab2.security.jwt.JwtRequestFilter  : JWT Token does not begin with Bearer String
2020-05-09 21:42:48.118  WARN 15876 --- [http-nio-8080-exec-10] f.se.lab2.security.jwt.JwtRequestFilter  : JWT Token does not begin with Bearer String
2020-05-09 21:42:48.119  WARN 15876 --- [http-nio-8080-exec-1] f.se.lab2.security.jwt.JwtRequestFilter  : JWT Token does not begin with Bearer String
2020-05-09 21:42:48.123  WARN 15876 --- [http-nio-8080-exec-2] f.se.lab2.security.jwt.JwtRequestFilter  : JWT Token does not begin with Bearer String
2020-05-09 21:42:48.128  WARN 15876 --- [http-nio-8080-exec-3] f.se.lab2.security.jwt.JwtRequestFilter  : JWT Token does not begin with Bearer String
2020-05-09 21:42:48.166  WARN 15876 --- [http-nio-8080-exec-4] f.se.lab2.security.jwt.JwtRequestFilter  : JWT Token does not begin with Bearer String
2020-05-09 21:42:48.169  WARN 15876 --- [http-nio-8080-exec-7] f.se.lab2.security.jwt.JwtRequestFilter  : JWT Token does not begin with Bearer String
2020-05-09 21:42:48.177  WARN 15876 --- [http-nio-8080-exec-7] f.se.lab2.security.jwt.JwtRequestFilter  : JWT Token does not begin with Bearer String
2020-05-09 21:42:48.179  WARN 15876 --- [http-nio-8080-exec-6] f.se.lab2.security.jwt.JwtRequestFilter  : JWT Token does not begin with Bearer String
2020-05-09 21:42:48.177  WARN 15876 --- [http-nio-8080-exec-5] f.se.lab2.security.jwt.JwtRequestFilter  : JWT Token does not begin with Bearer String
2020-05-09 21:42:48.187  WARN 15876 --- [http-nio-8080-exec-7] f.se.lab2.security.jwt.JwtRequestFilter  : JWT Token does not begin with Bearer String
2020-05-09 21:42:48.191  WARN 15876 --- [http-nio-8080-exec-10] f.se.lab2.security.jwt.JwtRequestFilter  : JWT Token does not begin with Bearer String
2020-05-09 21:42:48.197  WARN 15876 --- [http-nio-8080-exec-2] f.se.lab2.security.jwt.JwtRequestFilter  : JWT Token does not begin with Bearer String
2020-05-09 21:42:48.199  WARN 15876 --- [http-nio-8080-exec-4] f.se.lab2.security.jwt.JwtRequestFilter  : JWT Token does not begin with Bearer String
2020-05-09 21:42:48.199  WARN 15876 --- [http-nio-8080-exec-3] f.se.lab2.security.jwt.JwtRequestFilter  : JWT Token does not begin with Bearer String
2020-05-09 21:42:48.300  WARN 15876 --- [http-nio-8080-exec-2] f.se.lab2.security.jwt.JwtRequestFilter  : JWT Token does not begin with Bearer String
2020-05-09 21:42:48.343  WARN 15876 --- [http-nio-8080-exec-3] f.se.lab2.security.jwt.JwtRequestFilter  : JWT Token does not begin with Bearer String
2020-05-09 21:42:48.348  WARN 15876 --- [http-nio-8080-exec-4] f.se.lab2.security.jwt.JwtRequestFilter  : JWT Token does not begin with Bearer String
2020-05-09 21:42:48.353  WARN 15876 --- [http-nio-8080-exec-10] f.se.lab2.security.jwt.JwtRequestFilter  : JWT Token does not begin with Bearer String
2020-05-09 21:42:48.354  WARN 15876 --- [http-nio-8080-exec-1] f.se.lab2.security.jwt.JwtRequestFilter  : JWT Token does not begin with Bearer String
2020-05-09 21:42:48.355  WARN 15876 --- [http-nio-8080-exec-4] f.se.lab2.security.jwt.JwtRequestFilter  : JWT Token does not begin with Bearer String
2020-05-09 21:42:48.355  WARN 15876 --- [http-nio-8080-exec-6] f.se.lab2.security.jwt.JwtRequestFilter  : JWT Token does not begin with Bearer String
2020-05-09 21:42:48.361  WARN 15876 --- [http-nio-8080-exec-5] f.se.lab2.security.jwt.JwtRequestFilter  : JWT Token does not begin with Bearer String
2020-05-09 21:42:48.361  WARN 15876 --- [http-nio-8080-exec-8] f.se.lab2.security.jwt.JwtRequestFilter  : JWT Token does not begin with Bearer String
2020-05-09 21:42:48.369  WARN 15876 --- [http-nio-8080-exec-7] f.se.lab2.security.jwt.JwtRequestFilter  : JWT Token does not begin with Bearer String
2020-05-09 21:42:48.420  WARN 15876 --- [http-nio-8080-exec-2] f.se.lab2.security.jwt.JwtRequestFilter  : JWT Token does not begin with Bearer String
2020-05-09 21:42:48.425  WARN 15876 --- [http-nio-8080-exec-3] f.se.lab2.security.jwt.JwtRequestFilter  : JWT Token does not begin with Bearer String
2020-05-09 21:42:48.426  WARN 15876 --- [http-nio-8080-exec-9] f.se.lab2.security.jwt.JwtRequestFilter  : JWT Token does not begin with Bearer String
2020-05-09 21:42:48.427  WARN 15876 --- [http-nio-8080-exec-4] f.se.lab2.security.jwt.JwtRequestFilter  : JWT Token does not begin with Bearer String
2020-05-09 21:42:48.428  WARN 15876 --- [http-nio-8080-exec-1] f.se.lab2.security.jwt.JwtRequestFilter  : JWT Token does not begin with Bearer String
2020-05-09 21:42:48.428  WARN 15876 --- [http-nio-8080-exec-6] f.se.lab2.security.jwt.JwtRequestFilter  : JWT Token does not begin with Bearer String
2020-05-09 21:42:52.781  WARN 15876 --- [http-nio-8080-exec-10] f.se.lab2.security.jwt.JwtRequestFilter  : JWT Token does not begin with Bearer String
2020-05-09 21:42:52.809  WARN 15876 --- [http-nio-8080-exec-5] f.se.lab2.security.jwt.JwtRequestFilter  : JWT Token does not begin with Bearer String
2020-05-09 21:43:10.252  INFO 15876 --- [http-nio-8080-exec-8] o.s.web.servlet.DispatcherServlet        : Initializing Servlet 'dispatcherServlet'
2020-05-09 21:43:10.253 DEBUG 15876 --- [http-nio-8080-exec-8] o.s.web.servlet.DispatcherServlet        : Detected StandardServletMultipartResolver
2020-05-09 21:43:10.259 DEBUG 15876 --- [http-nio-8080-exec-8] o.s.web.servlet.DispatcherServlet        : enableLoggingRequestDetails='false': request parameters and headers will be masked to prevent unsafe logging of potentially sensitive data
2020-05-09 21:43:10.259  INFO 15876 --- [http-nio-8080-exec-8] o.s.web.servlet.DispatcherServlet        : Completed initialization in 6 ms
2020-05-09 21:43:10.770 DEBUG 15876 --- [http-nio-8080-exec-8] o.s.web.servlet.DispatcherServlet        : POST "/AllConferences", parameters={}
2020-05-09 21:43:10.774 DEBUG 15876 --- [http-nio-8080-exec-8] s.w.s.m.m.a.RequestMappingHandlerMapping : Mapped to fudan.se.lab2.controller.MyRelatedConferenceController#showAllConference(HttpServletRequest)
2020-05-09 21:43:10.836 DEBUG 15876 --- [http-nio-8080-exec-8] o.s.w.s.m.m.a.HttpEntityMethodProcessor  : Using 'application/json', given [application/json, text/plain, */*] and supported [application/json, application/*+json, application/json, application/*+json]
2020-05-09 21:43:10.836 DEBUG 15876 --- [http-nio-8080-exec-8] o.s.w.s.m.m.a.HttpEntityMethodProcessor  : Writing [{meetings=[fudan.se.lab2.controller.response.AllConferenceResponse@ae96b8e, fudan.se.lab2.controller (truncated)...]
2020-05-09 21:43:10.891 DEBUG 15876 --- [http-nio-8080-exec-8] o.s.web.servlet.DispatcherServlet        : Completed 200 OK
2020-05-09 21:43:25.861  WARN 15876 --- [http-nio-8080-exec-7] f.se.lab2.security.jwt.JwtRequestFilter  : JWT Token does not begin with Bearer String
2020-05-09 21:43:25.863 DEBUG 15876 --- [http-nio-8080-exec-7] o.s.web.servlet.DispatcherServlet        : POST "/login", parameters={}
2020-05-09 21:43:25.863 DEBUG 15876 --- [http-nio-8080-exec-7] s.w.s.m.m.a.RequestMappingHandlerMapping : Mapped to fudan.se.lab2.controller.AuthController#login(LoginRequest)
2020-05-09 21:43:25.896 DEBUG 15876 --- [http-nio-8080-exec-7] m.m.a.RequestResponseBodyMethodProcessor : Read "application/json;charset=UTF-8" to [fudan.se.lab2.controller.request.LoginRequest@3dd7ab54]
2020-05-09 21:43:26.185 DEBUG 15876 --- [http-nio-8080-exec-7] o.s.w.s.m.m.a.HttpEntityMethodProcessor  : Using 'application/json', given [application/json, text/plain, */*] and supported [application/json, application/*+json, application/json, application/*+json]
2020-05-09 21:43:26.186 DEBUG 15876 --- [http-nio-8080-exec-7] o.s.w.s.m.m.a.HttpEntityMethodProcessor  : Writing [{institution=复旦, country=China, fullName=guotaian, id=5, message=success, email=18302010041@fudan.ed (truncated)...]
2020-05-09 21:43:26.188 DEBUG 15876 --- [http-nio-8080-exec-7] o.s.web.servlet.DispatcherServlet        : Completed 200 OK
2020-05-09 21:43:26.297 DEBUG 15876 --- [http-nio-8080-exec-2] o.s.web.servlet.DispatcherServlet        : POST "/mailCenter", parameters={}
2020-05-09 21:43:26.297 DEBUG 15876 --- [http-nio-8080-exec-2] s.w.s.m.m.a.RequestMappingHandlerMapping : Mapped to fudan.se.lab2.controller.MessageController#openMailCenter(HttpServletRequest)
2020-05-09 21:43:26.320 DEBUG 15876 --- [http-nio-8080-exec-2] o.s.w.s.m.m.a.HttpEntityMethodProcessor  : Using 'application/json', given [application/json, text/plain, */*] and supported [application/json, application/*+json, application/json, application/*+json]
2020-05-09 21:43:26.320 DEBUG 15876 --- [http-nio-8080-exec-2] o.s.w.s.m.m.a.HttpEntityMethodProcessor  : Writing [{messages=[fudan.se.lab2.controller.response.AllMessageResponse@7facb5b0, fudan.se.lab2.controller.r (truncated)...]
2020-05-09 21:43:26.327 DEBUG 15876 --- [http-nio-8080-exec-2] o.s.web.servlet.DispatcherServlet        : Completed 200 OK
2020-05-09 21:43:30.157 DEBUG 15876 --- [http-nio-8080-exec-9] o.s.web.servlet.DispatcherServlet        : POST "/ConferenceForPCMember", parameters={}
2020-05-09 21:43:30.158 DEBUG 15876 --- [http-nio-8080-exec-9] s.w.s.m.m.a.RequestMappingHandlerMapping : Mapped to fudan.se.lab2.controller.MyRelatedConferenceController#showAllConferenceForPCMember(HttpServletRequest)
2020-05-09 21:43:30.177 DEBUG 15876 --- [http-nio-8080-exec-9] o.s.w.s.m.m.a.HttpEntityMethodProcessor  : Using 'application/json', given [application/json, text/plain, */*] and supported [application/json, application/*+json, application/json, application/*+json]
2020-05-09 21:43:30.177 DEBUG 15876 --- [http-nio-8080-exec-9] o.s.w.s.m.m.a.HttpEntityMethodProcessor  : Writing [{meetings=[fudan.se.lab2.controller.response.AllConferenceResponse@646ee106, fudan.se.lab2.controlle (truncated)...]
2020-05-09 21:43:30.180 DEBUG 15876 --- [http-nio-8080-exec-9] o.s.web.servlet.DispatcherServlet        : Completed 200 OK
2020-05-09 21:43:38.333 DEBUG 15876 --- [http-nio-8080-exec-4] o.s.web.servlet.DispatcherServlet        : POST "/reviewArticle", parameters={}
2020-05-09 21:43:38.334 DEBUG 15876 --- [http-nio-8080-exec-4] s.w.s.m.m.a.RequestMappingHandlerMapping : Mapped to fudan.se.lab2.controller.ContributionController#reviewArticle(HttpServletRequest, ReviewArticleRequest)
2020-05-09 21:43:38.340 DEBUG 15876 --- [http-nio-8080-exec-4] m.m.a.RequestResponseBodyMethodProcessor : Read "application/json;charset=UTF-8" to [fudan.se.lab2.controller.request.ReviewArticleRequest@3d000dbd]
2020-05-09 21:43:38.352 DEBUG 15876 --- [http-nio-8080-exec-4] o.s.w.s.m.m.a.HttpEntityMethodProcessor  : Using 'application/json', given [application/json, text/plain, */*] and supported [application/json, application/*+json, application/json, application/*+json]
2020-05-09 21:43:38.352 DEBUG 15876 --- [http-nio-8080-exec-4] o.s.w.s.m.m.a.HttpEntityMethodProcessor  : Writing [{topics=[fudan.se.lab2.domain.Topic@683b96c2, fudan.se.lab2.domain.Topic@66ee53a4, fudan.se.lab2.dom (truncated)...]
2020-05-09 21:43:38.363 DEBUG 15876 --- [http-nio-8080-exec-4] o.s.web.servlet.DispatcherServlet        : Completed 200 OK
2020-05-09 21:44:16.275 DEBUG 15876 --- [http-nio-8080-exec-7] o.s.web.servlet.DispatcherServlet        : POST "/submitReviewResult", parameters={}
2020-05-09 21:44:16.276 DEBUG 15876 --- [http-nio-8080-exec-7] s.w.s.m.m.a.RequestMappingHandlerMapping : Mapped to fudan.se.lab2.controller.ContributionController#submitReviewResult(HttpServletRequest, SubmitReviewResultRequest)
2020-05-09 21:44:16.281 DEBUG 15876 --- [http-nio-8080-exec-7] m.m.a.RequestResponseBodyMethodProcessor : Read "application/json;charset=UTF-8" to [fudan.se.lab2.controller.request.SubmitReviewResultRequest@19d85a28]
2020-05-09 21:44:16.355 DEBUG 15876 --- [http-nio-8080-exec-7] o.s.w.s.m.m.a.HttpEntityMethodProcessor  : Using 'application/json', given [application/json, text/plain, */*] and supported [application/json, application/*+json, application/json, application/*+json]
2020-05-09 21:44:16.355 DEBUG 15876 --- [http-nio-8080-exec-7] o.s.w.s.m.m.a.HttpEntityMethodProcessor  : Writing [{message=successful contribution, token=eyJhbGciOiJIUzUxMiJ9.eyJzdWIiOiJ1c2VybmFtZSIsImlhdCI6MTU4OTA (truncated)...]
2020-05-09 21:44:16.357 DEBUG 15876 --- [http-nio-8080-exec-7] o.s.web.servlet.DispatcherServlet        : Completed 200 OK
2020-05-09 21:44:16.729 DEBUG 15876 --- [http-nio-8080-exec-2] o.s.web.servlet.DispatcherServlet        : POST "/AllConferences", parameters={}
2020-05-09 21:44:16.730 DEBUG 15876 --- [http-nio-8080-exec-2] s.w.s.m.m.a.RequestMappingHandlerMapping : Mapped to fudan.se.lab2.controller.MyRelatedConferenceController#showAllConference(HttpServletRequest)
2020-05-09 21:44:16.764 DEBUG 15876 --- [http-nio-8080-exec-2] o.s.w.s.m.m.a.HttpEntityMethodProcessor  : Using 'application/json', given [application/json, text/plain, */*] and supported [application/json, application/*+json, application/json, application/*+json]
2020-05-09 21:44:16.764 DEBUG 15876 --- [http-nio-8080-exec-2] o.s.w.s.m.m.a.HttpEntityMethodProcessor  : Writing [{meetings=[fudan.se.lab2.controller.response.AllConferenceResponse@47d8ab00, fudan.se.lab2.controlle (truncated)...]
2020-05-09 21:44:16.768 DEBUG 15876 --- [http-nio-8080-exec-2] o.s.web.servlet.DispatcherServlet        : Completed 200 OK
2020-05-09 21:44:19.362 DEBUG 15876 --- [http-nio-8080-exec-9] o.s.web.servlet.DispatcherServlet        : POST "/ConferenceForPCMember", parameters={}
2020-05-09 21:44:19.363 DEBUG 15876 --- [http-nio-8080-exec-9] s.w.s.m.m.a.RequestMappingHandlerMapping : Mapped to fudan.se.lab2.controller.MyRelatedConferenceController#showAllConferenceForPCMember(HttpServletRequest)
2020-05-09 21:44:19.376 DEBUG 15876 --- [http-nio-8080-exec-9] o.s.w.s.m.m.a.HttpEntityMethodProcessor  : Using 'application/json', given [application/json, text/plain, */*] and supported [application/json, application/*+json, application/json, application/*+json]
2020-05-09 21:44:19.377 DEBUG 15876 --- [http-nio-8080-exec-9] o.s.w.s.m.m.a.HttpEntityMethodProcessor  : Writing [{meetings=[fudan.se.lab2.controller.response.AllConferenceResponse@3627bd7f, fudan.se.lab2.controlle (truncated)...]
2020-05-09 21:44:19.380 DEBUG 15876 --- [http-nio-8080-exec-9] o.s.web.servlet.DispatcherServlet        : Completed 200 OK
2020-05-09 21:44:21.701 DEBUG 15876 --- [http-nio-8080-exec-4] o.s.web.servlet.DispatcherServlet        : POST "/reviewArticle", parameters={}
2020-05-09 21:44:21.702 DEBUG 15876 --- [http-nio-8080-exec-4] s.w.s.m.m.a.RequestMappingHandlerMapping : Mapped to fudan.se.lab2.controller.ContributionController#reviewArticle(HttpServletRequest, ReviewArticleRequest)
2020-05-09 21:44:21.703 DEBUG 15876 --- [http-nio-8080-exec-4] m.m.a.RequestResponseBodyMethodProcessor : Read "application/json;charset=UTF-8" to [fudan.se.lab2.controller.request.ReviewArticleRequest@3e4eea61]
2020-05-09 21:44:21.710 DEBUG 15876 --- [http-nio-8080-exec-4] o.s.w.s.m.m.a.HttpEntityMethodProcessor  : Using 'application/json', given [application/json, text/plain, */*] and supported [application/json, application/*+json, application/json, application/*+json]
2020-05-09 21:44:21.711 DEBUG 15876 --- [http-nio-8080-exec-4] o.s.w.s.m.m.a.HttpEntityMethodProcessor  : Writing [{topics=[fudan.se.lab2.domain.Topic@7e462146, fudan.se.lab2.domain.Topic@12d6e275, fudan.se.lab2.dom (truncated)...]
2020-05-09 21:44:21.717 DEBUG 15876 --- [http-nio-8080-exec-4] o.s.web.servlet.DispatcherServlet        : Completed 200 OK
2020-05-09 21:44:33.384 DEBUG 15876 --- [http-nio-8080-exec-3] o.s.web.servlet.DispatcherServlet        : POST "/reviewArticle", parameters={}
2020-05-09 21:44:33.385 DEBUG 15876 --- [http-nio-8080-exec-3] s.w.s.m.m.a.RequestMappingHandlerMapping : Mapped to fudan.se.lab2.controller.ContributionController#reviewArticle(HttpServletRequest, ReviewArticleRequest)
2020-05-09 21:44:33.387 DEBUG 15876 --- [http-nio-8080-exec-3] m.m.a.RequestResponseBodyMethodProcessor : Read "application/json;charset=UTF-8" to [fudan.se.lab2.controller.request.ReviewArticleRequest@6cf6bef3]
2020-05-09 21:44:33.397 DEBUG 15876 --- [http-nio-8080-exec-3] o.s.w.s.m.m.a.HttpEntityMethodProcessor  : Using 'application/json', given [application/json, text/plain, */*] and supported [application/json, application/*+json, application/json, application/*+json]
2020-05-09 21:44:33.397 DEBUG 15876 --- [http-nio-8080-exec-3] o.s.w.s.m.m.a.HttpEntityMethodProcessor  : Writing [{message=请求失败, token=eyJhbGciOiJIUzUxMiJ9.eyJzdWIiOiJ1c2VybmFtZSIsImlhdCI6MTU4OTAzMTgwNiwiZXhwIjoxNT (truncated)...]
2020-05-09 21:44:33.399 DEBUG 15876 --- [http-nio-8080-exec-3] o.s.web.servlet.DispatcherServlet        : Completed 200 OK
2020-05-09 21:44:39.371 DEBUG 15876 --- [http-nio-8080-exec-10] o.s.web.servlet.DispatcherServlet        : POST "/reviewArticle", parameters={}
2020-05-09 21:44:39.371 DEBUG 15876 --- [http-nio-8080-exec-1] o.s.web.servlet.DispatcherServlet        : POST "/mailCenter", parameters={}
2020-05-09 21:44:39.372 DEBUG 15876 --- [http-nio-8080-exec-10] s.w.s.m.m.a.RequestMappingHandlerMapping : Mapped to fudan.se.lab2.controller.ContributionController#reviewArticle(HttpServletRequest, ReviewArticleRequest)
2020-05-09 21:44:39.372 DEBUG 15876 --- [http-nio-8080-exec-1] s.w.s.m.m.a.RequestMappingHandlerMapping : Mapped to fudan.se.lab2.controller.MessageController#openMailCenter(HttpServletRequest)
2020-05-09 21:44:39.373 DEBUG 15876 --- [http-nio-8080-exec-10] m.m.a.RequestResponseBodyMethodProcessor : Read "application/json;charset=UTF-8" to [fudan.se.lab2.controller.request.ReviewArticleRequest@3046e9ea]
2020-05-09 21:44:39.374 DEBUG 15876 --- [http-nio-8080-exec-10] o.s.w.s.m.m.a.HttpEntityMethodProcessor  : Using 'application/json', given [application/json, text/plain, */*] and supported [application/json, application/*+json, application/json, application/*+json]
2020-05-09 21:44:39.375 DEBUG 15876 --- [http-nio-8080-exec-10] o.s.w.s.m.m.a.HttpEntityMethodProcessor  : Writing [{message=请求失败, token=eyJhbGciOiJIUzUxMiJ9.eyJzdWIiOiJ1c2VybmFtZSIsImlhdCI6MTU4OTAzMTgwNiwiZXhwIjoxNT (truncated)...]
2020-05-09 21:44:39.376 DEBUG 15876 --- [http-nio-8080-exec-10] o.s.web.servlet.DispatcherServlet        : Completed 200 OK
2020-05-09 21:44:39.383 DEBUG 15876 --- [http-nio-8080-exec-1] o.s.w.s.m.m.a.HttpEntityMethodProcessor  : Using 'application/json', given [application/json, text/plain, */*] and supported [application/json, application/*+json, application/json, application/*+json]
2020-05-09 21:44:39.383 DEBUG 15876 --- [http-nio-8080-exec-1] o.s.w.s.m.m.a.HttpEntityMethodProcessor  : Writing [{messages=[fudan.se.lab2.controller.response.AllMessageResponse@51ff72e1, fudan.se.lab2.controller.r (truncated)...]
2020-05-09 21:44:39.386 DEBUG 15876 --- [http-nio-8080-exec-1] o.s.web.servlet.DispatcherServlet        : Completed 200 OK
2020-05-09 21:44:43.102 DEBUG 15876 --- [http-nio-8080-exec-6] o.s.web.servlet.DispatcherServlet        : POST "/ConferenceForPCMember", parameters={}
2020-05-09 21:44:43.103 DEBUG 15876 --- [http-nio-8080-exec-6] s.w.s.m.m.a.RequestMappingHandlerMapping : Mapped to fudan.se.lab2.controller.MyRelatedConferenceController#showAllConferenceForPCMember(HttpServletRequest)
2020-05-09 21:44:43.113 DEBUG 15876 --- [http-nio-8080-exec-6] o.s.w.s.m.m.a.HttpEntityMethodProcessor  : Using 'application/json', given [application/json, text/plain, */*] and supported [application/json, application/*+json, application/json, application/*+json]
2020-05-09 21:44:43.114 DEBUG 15876 --- [http-nio-8080-exec-6] o.s.w.s.m.m.a.HttpEntityMethodProcessor  : Writing [{meetings=[fudan.se.lab2.controller.response.AllConferenceResponse@3ea69415, fudan.se.lab2.controlle (truncated)...]
2020-05-09 21:44:43.116 DEBUG 15876 --- [http-nio-8080-exec-6] o.s.web.servlet.DispatcherServlet        : Completed 200 OK
2020-05-09 21:44:47.906 DEBUG 15876 --- [http-nio-8080-exec-5] o.s.web.servlet.DispatcherServlet        : POST "/reviewArticle", parameters={}
2020-05-09 21:44:47.907 DEBUG 15876 --- [http-nio-8080-exec-5] s.w.s.m.m.a.RequestMappingHandlerMapping : Mapped to fudan.se.lab2.controller.ContributionController#reviewArticle(HttpServletRequest, ReviewArticleRequest)
2020-05-09 21:44:47.909 DEBUG 15876 --- [http-nio-8080-exec-5] m.m.a.RequestResponseBodyMethodProcessor : Read "application/json;charset=UTF-8" to [fudan.se.lab2.controller.request.ReviewArticleRequest@b2b1732]
2020-05-09 21:44:47.916 DEBUG 15876 --- [http-nio-8080-exec-5] o.s.w.s.m.m.a.HttpEntityMethodProcessor  : Using 'application/json', given [application/json, text/plain, */*] and supported [application/json, application/*+json, application/json, application/*+json]
2020-05-09 21:44:47.917 DEBUG 15876 --- [http-nio-8080-exec-5] o.s.w.s.m.m.a.HttpEntityMethodProcessor  : Writing [{topics=[fudan.se.lab2.domain.Topic@261c4644, fudan.se.lab2.domain.Topic@13f085ac, fudan.se.lab2.dom (truncated)...]
2020-05-09 21:44:47.920 DEBUG 15876 --- [http-nio-8080-exec-5] o.s.web.servlet.DispatcherServlet        : Completed 200 OK
2020-05-09 21:45:23.231 DEBUG 15876 --- [http-nio-8080-exec-7] o.s.web.servlet.DispatcherServlet        : POST "/submitReviewResult", parameters={}
2020-05-09 21:45:23.232 DEBUG 15876 --- [http-nio-8080-exec-7] s.w.s.m.m.a.RequestMappingHandlerMapping : Mapped to fudan.se.lab2.controller.ContributionController#submitReviewResult(HttpServletRequest, SubmitReviewResultRequest)
2020-05-09 21:45:23.235 DEBUG 15876 --- [http-nio-8080-exec-7] m.m.a.RequestResponseBodyMethodProcessor : Read "application/json;charset=UTF-8" to [fudan.se.lab2.controller.request.SubmitReviewResultRequest@6746ce67]
2020-05-09 21:45:23.257 DEBUG 15876 --- [http-nio-8080-exec-7] o.s.w.s.m.m.a.HttpEntityMethodProcessor  : Using 'application/json', given [application/json, text/plain, */*] and supported [application/json, application/*+json, application/json, application/*+json]
2020-05-09 21:45:23.258 DEBUG 15876 --- [http-nio-8080-exec-7] o.s.w.s.m.m.a.HttpEntityMethodProcessor  : Writing [{message=successful contribution, token=eyJhbGciOiJIUzUxMiJ9.eyJzdWIiOiJ1c2VybmFtZSIsImlhdCI6MTU4OTA (truncated)...]
2020-05-09 21:45:23.259 DEBUG 15876 --- [http-nio-8080-exec-7] o.s.web.servlet.DispatcherServlet        : Completed 200 OK
2020-05-09 21:45:23.471 DEBUG 15876 --- [http-nio-8080-exec-2] o.s.web.servlet.DispatcherServlet        : POST "/AllConferences", parameters={}
2020-05-09 21:45:23.472 DEBUG 15876 --- [http-nio-8080-exec-2] s.w.s.m.m.a.RequestMappingHandlerMapping : Mapped to fudan.se.lab2.controller.MyRelatedConferenceController#showAllConference(HttpServletRequest)
2020-05-09 21:45:23.480 DEBUG 15876 --- [http-nio-8080-exec-2] o.s.w.s.m.m.a.HttpEntityMethodProcessor  : Using 'application/json', given [application/json, text/plain, */*] and supported [application/json, application/*+json, application/json, application/*+json]
2020-05-09 21:45:23.480 DEBUG 15876 --- [http-nio-8080-exec-2] o.s.w.s.m.m.a.HttpEntityMethodProcessor  : Writing [{meetings=[fudan.se.lab2.controller.response.AllConferenceResponse@2f83f767, fudan.se.lab2.controlle (truncated)...]
2020-05-09 21:45:23.483 DEBUG 15876 --- [http-nio-8080-exec-2] o.s.web.servlet.DispatcherServlet        : Completed 200 OK
2020-05-09 21:45:30.861 DEBUG 15876 --- [http-nio-8080-exec-9] o.s.web.servlet.DispatcherServlet        : POST "/ConferenceForPCMember", parameters={}
2020-05-09 21:45:30.862 DEBUG 15876 --- [http-nio-8080-exec-9] s.w.s.m.m.a.RequestMappingHandlerMapping : Mapped to fudan.se.lab2.controller.MyRelatedConferenceController#showAllConferenceForPCMember(HttpServletRequest)
2020-05-09 21:45:30.873 DEBUG 15876 --- [http-nio-8080-exec-9] o.s.w.s.m.m.a.HttpEntityMethodProcessor  : Using 'application/json', given [application/json, text/plain, */*] and supported [application/json, application/*+json, application/json, application/*+json]
2020-05-09 21:45:30.874 DEBUG 15876 --- [http-nio-8080-exec-9] o.s.w.s.m.m.a.HttpEntityMethodProcessor  : Writing [{meetings=[fudan.se.lab2.controller.response.AllConferenceResponse@737a13dc, fudan.se.lab2.controlle (truncated)...]
2020-05-09 21:45:30.884 DEBUG 15876 --- [http-nio-8080-exec-9] o.s.web.servlet.DispatcherServlet        : Completed 200 OK
2020-05-09 21:45:36.257 DEBUG 15876 --- [http-nio-8080-exec-4] o.s.web.servlet.DispatcherServlet        : POST "/reviewArticle", parameters={}
2020-05-09 21:45:36.258 DEBUG 15876 --- [http-nio-8080-exec-4] s.w.s.m.m.a.RequestMappingHandlerMapping : Mapped to fudan.se.lab2.controller.ContributionController#reviewArticle(HttpServletRequest, ReviewArticleRequest)
2020-05-09 21:45:36.259 DEBUG 15876 --- [http-nio-8080-exec-4] m.m.a.RequestResponseBodyMethodProcessor : Read "application/json;charset=UTF-8" to [fudan.se.lab2.controller.request.ReviewArticleRequest@746d283b]
2020-05-09 21:45:36.267 DEBUG 15876 --- [http-nio-8080-exec-4] o.s.w.s.m.m.a.HttpEntityMethodProcessor  : Using 'application/json', given [application/json, text/plain, */*] and supported [application/json, application/*+json, application/json, application/*+json]
2020-05-09 21:45:36.267 DEBUG 15876 --- [http-nio-8080-exec-4] o.s.w.s.m.m.a.HttpEntityMethodProcessor  : Writing [{topics=[fudan.se.lab2.domain.Topic@42f55d45, fudan.se.lab2.domain.Topic@1b7cfe6d, fudan.se.lab2.dom (truncated)...]
2020-05-09 21:45:36.272 DEBUG 15876 --- [http-nio-8080-exec-4] o.s.web.servlet.DispatcherServlet        : Completed 200 OK
2020-05-09 21:46:59.105 DEBUG 15876 --- [http-nio-8080-exec-3] o.s.web.servlet.DispatcherServlet        : POST "/submitReviewResult", parameters={}
2020-05-09 21:46:59.106 DEBUG 15876 --- [http-nio-8080-exec-3] s.w.s.m.m.a.RequestMappingHandlerMapping : Mapped to fudan.se.lab2.controller.ContributionController#submitReviewResult(HttpServletRequest, SubmitReviewResultRequest)
2020-05-09 21:46:59.107 DEBUG 15876 --- [http-nio-8080-exec-3] m.m.a.RequestResponseBodyMethodProcessor : Read "application/json;charset=UTF-8" to [fudan.se.lab2.controller.request.SubmitReviewResultRequest@4468a397]
2020-05-09 21:46:59.121 DEBUG 15876 --- [http-nio-8080-exec-3] o.s.w.s.m.m.a.HttpEntityMethodProcessor  : Using 'application/json', given [application/json, text/plain, */*] and supported [application/json, application/*+json, application/json, application/*+json]
2020-05-09 21:46:59.121 DEBUG 15876 --- [http-nio-8080-exec-3] o.s.w.s.m.m.a.HttpEntityMethodProcessor  : Writing [{message=successful contribution, token=eyJhbGciOiJIUzUxMiJ9.eyJzdWIiOiJ1c2VybmFtZSIsImlhdCI6MTU4OTA (truncated)...]
2020-05-09 21:46:59.123 DEBUG 15876 --- [http-nio-8080-exec-3] o.s.web.servlet.DispatcherServlet        : Completed 200 OK
2020-05-09 21:46:59.474 DEBUG 15876 --- [http-nio-8080-exec-10] o.s.web.servlet.DispatcherServlet        : POST "/AllConferences", parameters={}
2020-05-09 21:46:59.474 DEBUG 15876 --- [http-nio-8080-exec-10] s.w.s.m.m.a.RequestMappingHandlerMapping : Mapped to fudan.se.lab2.controller.MyRelatedConferenceController#showAllConference(HttpServletRequest)
2020-05-09 21:46:59.485 DEBUG 15876 --- [http-nio-8080-exec-10] o.s.w.s.m.m.a.HttpEntityMethodProcessor  : Using 'application/json', given [application/json, text/plain, */*] and supported [application/json, application/*+json, application/json, application/*+json]
2020-05-09 21:46:59.485 DEBUG 15876 --- [http-nio-8080-exec-10] o.s.w.s.m.m.a.HttpEntityMethodProcessor  : Writing [{meetings=[fudan.se.lab2.controller.response.AllConferenceResponse@76edb4c7, fudan.se.lab2.controlle (truncated)...]
2020-05-09 21:46:59.487 DEBUG 15876 --- [http-nio-8080-exec-10] o.s.web.servlet.DispatcherServlet        : Completed 200 OK
2020-05-09 21:47:04.775 DEBUG 15876 --- [http-nio-8080-exec-1] o.s.web.servlet.DispatcherServlet        : POST "/ConferenceForPCMember", parameters={}
2020-05-09 21:47:04.776 DEBUG 15876 --- [http-nio-8080-exec-1] s.w.s.m.m.a.RequestMappingHandlerMapping : Mapped to fudan.se.lab2.controller.MyRelatedConferenceController#showAllConferenceForPCMember(HttpServletRequest)
2020-05-09 21:47:04.786 DEBUG 15876 --- [http-nio-8080-exec-1] o.s.w.s.m.m.a.HttpEntityMethodProcessor  : Using 'application/json', given [application/json, text/plain, */*] and supported [application/json, application/*+json, application/json, application/*+json]
2020-05-09 21:47:04.787 DEBUG 15876 --- [http-nio-8080-exec-1] o.s.w.s.m.m.a.HttpEntityMethodProcessor  : Writing [{meetings=[fudan.se.lab2.controller.response.AllConferenceResponse@286a1fac, fudan.se.lab2.controlle (truncated)...]
2020-05-09 21:47:04.789 DEBUG 15876 --- [http-nio-8080-exec-1] o.s.web.servlet.DispatcherServlet        : Completed 200 OK
2020-05-09 21:47:08.667 DEBUG 15876 --- [http-nio-8080-exec-6] o.s.web.servlet.DispatcherServlet        : POST "/reviewArticle", parameters={}
2020-05-09 21:47:08.669 DEBUG 15876 --- [http-nio-8080-exec-6] s.w.s.m.m.a.RequestMappingHandlerMapping : Mapped to fudan.se.lab2.controller.ContributionController#reviewArticle(HttpServletRequest, ReviewArticleRequest)
2020-05-09 21:47:08.670 DEBUG 15876 --- [http-nio-8080-exec-6] m.m.a.RequestResponseBodyMethodProcessor : Read "application/json;charset=UTF-8" to [fudan.se.lab2.controller.request.ReviewArticleRequest@27d2a974]
2020-05-09 21:47:08.675 DEBUG 15876 --- [http-nio-8080-exec-6] o.s.w.s.m.m.a.HttpEntityMethodProcessor  : Using 'application/json', given [application/json, text/plain, */*] and supported [application/json, application/*+json, application/json, application/*+json]
2020-05-09 21:47:08.676 DEBUG 15876 --- [http-nio-8080-exec-6] o.s.w.s.m.m.a.HttpEntityMethodProcessor  : Writing [{topics=[fudan.se.lab2.domain.Topic@6f392719, fudan.se.lab2.domain.Topic@51bae303, fudan.se.lab2.dom (truncated)...]
2020-05-09 21:47:08.680 DEBUG 15876 --- [http-nio-8080-exec-6] o.s.web.servlet.DispatcherServlet        : Completed 200 OK
2020-05-09 21:47:30.756  WARN 15876 --- [http-nio-8080-exec-5] f.se.lab2.security.jwt.JwtRequestFilter  : JWT Token does not begin with Bearer String
2020-05-09 21:47:30.756 DEBUG 15876 --- [http-nio-8080-exec-5] o.s.web.servlet.DispatcherServlet        : POST "/login", parameters={}
2020-05-09 21:47:30.757 DEBUG 15876 --- [http-nio-8080-exec-5] s.w.s.m.m.a.RequestMappingHandlerMapping : Mapped to fudan.se.lab2.controller.AuthController#login(LoginRequest)
2020-05-09 21:47:30.757 DEBUG 15876 --- [http-nio-8080-exec-5] m.m.a.RequestResponseBodyMethodProcessor : Read "application/json;charset=UTF-8" to [fudan.se.lab2.controller.request.LoginRequest@3e4415b7]
2020-05-09 21:47:30.932 DEBUG 15876 --- [http-nio-8080-exec-5] o.s.w.s.m.m.a.HttpEntityMethodProcessor  : Using 'application/json', given [application/json, text/plain, */*] and supported [application/json, application/*+json, application/json, application/*+json]
2020-05-09 21:47:30.932 DEBUG 15876 --- [http-nio-8080-exec-5] o.s.w.s.m.m.a.HttpEntityMethodProcessor  : Writing [{institution=复旦, country=China, fullName=guotaian, id=5, message=success, email=18302010041@fudan.ed (truncated)...]
2020-05-09 21:47:30.933 DEBUG 15876 --- [http-nio-8080-exec-5] o.s.web.servlet.DispatcherServlet        : Completed 200 OK
2020-05-09 21:47:31.030 DEBUG 15876 --- [http-nio-8080-exec-8] o.s.web.servlet.DispatcherServlet        : POST "/mailCenter", parameters={}
2020-05-09 21:47:31.030 DEBUG 15876 --- [http-nio-8080-exec-8] s.w.s.m.m.a.RequestMappingHandlerMapping : Mapped to fudan.se.lab2.controller.MessageController#openMailCenter(HttpServletRequest)
2020-05-09 21:47:31.036 DEBUG 15876 --- [http-nio-8080-exec-8] o.s.w.s.m.m.a.HttpEntityMethodProcessor  : Using 'application/json', given [application/json, text/plain, */*] and supported [application/json, application/*+json, application/json, application/*+json]
2020-05-09 21:47:31.036 DEBUG 15876 --- [http-nio-8080-exec-8] o.s.w.s.m.m.a.HttpEntityMethodProcessor  : Writing [{messages=[fudan.se.lab2.controller.response.AllMessageResponse@183789f8, fudan.se.lab2.controller.r (truncated)...]
2020-05-09 21:47:31.038 DEBUG 15876 --- [http-nio-8080-exec-8] o.s.web.servlet.DispatcherServlet        : Completed 200 OK
2020-05-09 21:47:33.210 DEBUG 15876 --- [http-nio-8080-exec-7] o.s.web.servlet.DispatcherServlet        : POST "/AllConferences", parameters={}
2020-05-09 21:47:33.211 DEBUG 15876 --- [http-nio-8080-exec-7] s.w.s.m.m.a.RequestMappingHandlerMapping : Mapped to fudan.se.lab2.controller.MyRelatedConferenceController#showAllConference(HttpServletRequest)
2020-05-09 21:47:33.226 DEBUG 15876 --- [http-nio-8080-exec-7] o.s.w.s.m.m.a.HttpEntityMethodProcessor  : Using 'application/json', given [application/json, text/plain, */*] and supported [application/json, application/*+json, application/json, application/*+json]
2020-05-09 21:47:33.226 DEBUG 15876 --- [http-nio-8080-exec-7] o.s.w.s.m.m.a.HttpEntityMethodProcessor  : Writing [{meetings=[fudan.se.lab2.controller.response.AllConferenceResponse@4dc00824, fudan.se.lab2.controlle (truncated)...]
2020-05-09 21:47:33.228 DEBUG 15876 --- [http-nio-8080-exec-7] o.s.web.servlet.DispatcherServlet        : Completed 200 OK
2020-05-09 21:47:35.361 DEBUG 15876 --- [http-nio-8080-exec-2] o.s.web.servlet.DispatcherServlet        : POST "/ConferenceForChair", parameters={}
2020-05-09 21:47:35.362 DEBUG 15876 --- [http-nio-8080-exec-2] s.w.s.m.m.a.RequestMappingHandlerMapping : Mapped to fudan.se.lab2.controller.MyRelatedConferenceController#showAllConferenceForChair(HttpServletRequest)
2020-05-09 21:47:35.378 DEBUG 15876 --- [http-nio-8080-exec-2] o.s.w.s.m.m.a.HttpEntityMethodProcessor  : Using 'application/json', given [application/json, text/plain, */*] and supported [application/json, application/*+json, application/json, application/*+json]
2020-05-09 21:47:35.379 DEBUG 15876 --- [http-nio-8080-exec-2] o.s.w.s.m.m.a.HttpEntityMethodProcessor  : Writing [{meetings=[fudan.se.lab2.controller.response.AllConferenceResponse@7d804b21, fudan.se.lab2.controlle (truncated)...]
2020-05-09 21:47:35.380 DEBUG 15876 --- [http-nio-8080-exec-2] o.s.web.servlet.DispatcherServlet        : Completed 200 OK
2020-05-09 21:47:38.682 DEBUG 15876 --- [http-nio-8080-exec-9] o.s.web.servlet.DispatcherServlet        : POST "/releaseReviewResult", parameters={}
2020-05-09 21:47:38.683 DEBUG 15876 --- [http-nio-8080-exec-9] s.w.s.m.m.a.RequestMappingHandlerMapping : Mapped to fudan.se.lab2.controller.ResultController#releaseReviewResult(Long, HttpServletRequest)
2020-05-09 21:47:38.694 DEBUG 15876 --- [http-nio-8080-exec-9] .w.s.m.m.a.ServletInvocableHandlerMethod : Could not resolve parameter [0] in public org.springframework.http.ResponseEntity<java.util.HashMap<java.lang.String, java.lang.Object>> fudan.se.lab2.controller.ResultController.releaseReviewResult(java.lang.Long,javax.servlet.http.HttpServletRequest): Required Long parameter 'conference_id' is not present
2020-05-09 21:47:38.696 DEBUG 15876 --- [http-nio-8080-exec-9] .m.m.a.ExceptionHandlerExceptionResolver : Using @ExceptionHandler fudan.se.lab2.exception.ControllerAdvisor#handleException(Exception, WebRequest)
2020-05-09 21:47:38.699 DEBUG 15876 --- [http-nio-8080-exec-9] o.s.w.s.m.m.a.HttpEntityMethodProcessor  : No match for [application/json, text/plain, */*], supported: []
2020-05-09 21:47:38.699  WARN 15876 --- [http-nio-8080-exec-9] .m.m.a.ExceptionHandlerExceptionResolver : Resolved [org.springframework.web.bind.MissingServletRequestParameterException: Required Long parameter 'conference_id' is not present]
2020-05-09 21:47:38.700 DEBUG 15876 --- [http-nio-8080-exec-9] o.s.web.servlet.DispatcherServlet        : Completed 400 BAD_REQUEST
2020-05-09 21:48:21.734  WARN 15876 --- [http-nio-8080-exec-4] f.se.lab2.security.jwt.JwtRequestFilter  : JWT Token does not begin with Bearer String
2020-05-09 21:48:21.736 DEBUG 15876 --- [http-nio-8080-exec-4] o.s.web.servlet.DispatcherServlet        : POST "/login", parameters={}
2020-05-09 21:48:21.737 DEBUG 15876 --- [http-nio-8080-exec-4] s.w.s.m.m.a.RequestMappingHandlerMapping : Mapped to fudan.se.lab2.controller.AuthController#login(LoginRequest)
2020-05-09 21:48:21.741 DEBUG 15876 --- [http-nio-8080-exec-4] m.m.a.RequestResponseBodyMethodProcessor : Read "application/json;charset=UTF-8" to [fudan.se.lab2.controller.request.LoginRequest@3e9d8ec7]
2020-05-09 21:48:21.955 DEBUG 15876 --- [http-nio-8080-exec-4] o.s.w.s.m.m.a.HttpEntityMethodProcessor  : Using 'application/json', given [application/json, text/plain, */*] and supported [application/json, application/*+json, application/json, application/*+json]
2020-05-09 21:48:21.955 DEBUG 15876 --- [http-nio-8080-exec-4] o.s.w.s.m.m.a.HttpEntityMethodProcessor  : Writing [{institution=fudan, country=China, fullName=guotaian, id=12, message=success, email=183020100@edu.cn (truncated)...]
2020-05-09 21:48:21.956 DEBUG 15876 --- [http-nio-8080-exec-4] o.s.web.servlet.DispatcherServlet        : Completed 200 OK
2020-05-09 21:48:22.333 DEBUG 15876 --- [http-nio-8080-exec-3] o.s.web.servlet.DispatcherServlet        : POST "/mailCenter", parameters={}
2020-05-09 21:48:22.334 DEBUG 15876 --- [http-nio-8080-exec-3] s.w.s.m.m.a.RequestMappingHandlerMapping : Mapped to fudan.se.lab2.controller.MessageController#openMailCenter(HttpServletRequest)
2020-05-09 21:48:22.339 DEBUG 15876 --- [http-nio-8080-exec-3] o.s.w.s.m.m.a.HttpEntityMethodProcessor  : Using 'application/json', given [application/json, text/plain, */*] and supported [application/json, application/*+json, application/json, application/*+json]
2020-05-09 21:48:22.340 DEBUG 15876 --- [http-nio-8080-exec-3] o.s.w.s.m.m.a.HttpEntityMethodProcessor  : Writing [{messages=[], token=eyJhbGciOiJIUzUxMiJ9.eyJzdWIiOiJ0ZXN0QSIsImlhdCI6MTU4OTAzMjEwMSwiZXhwIjoxNTg5MDU (truncated)...]
2020-05-09 21:48:22.344 DEBUG 15876 --- [http-nio-8080-exec-3] o.s.web.servlet.DispatcherServlet        : Completed 200 OK
2020-05-09 21:48:25.699 DEBUG 15876 --- [http-nio-8080-exec-10] o.s.web.servlet.DispatcherServlet        : POST "/ConferenceForPCMember", parameters={}
2020-05-09 21:48:25.700 DEBUG 15876 --- [http-nio-8080-exec-10] s.w.s.m.m.a.RequestMappingHandlerMapping : Mapped to fudan.se.lab2.controller.MyRelatedConferenceController#showAllConferenceForPCMember(HttpServletRequest)
2020-05-09 21:48:25.708 DEBUG 15876 --- [http-nio-8080-exec-10] o.s.w.s.m.m.a.HttpEntityMethodProcessor  : Using 'application/json', given [application/json, text/plain, */*] and supported [application/json, application/*+json, application/json, application/*+json]
2020-05-09 21:48:25.709 DEBUG 15876 --- [http-nio-8080-exec-10] o.s.w.s.m.m.a.HttpEntityMethodProcessor  : Writing [{meetings=[fudan.se.lab2.controller.response.AllConferenceResponse@1eca5f88], message=获取所有我审稿的会议申请成功 (truncated)...]
2020-05-09 21:48:25.711 DEBUG 15876 --- [http-nio-8080-exec-10] o.s.web.servlet.DispatcherServlet        : Completed 200 OK
2020-05-09 21:48:28.130 DEBUG 15876 --- [http-nio-8080-exec-1] o.s.web.servlet.DispatcherServlet        : POST "/reviewArticle", parameters={}
2020-05-09 21:48:28.131 DEBUG 15876 --- [http-nio-8080-exec-1] s.w.s.m.m.a.RequestMappingHandlerMapping : Mapped to fudan.se.lab2.controller.ContributionController#reviewArticle(HttpServletRequest, ReviewArticleRequest)
2020-05-09 21:48:28.133 DEBUG 15876 --- [http-nio-8080-exec-1] m.m.a.RequestResponseBodyMethodProcessor : Read "application/json;charset=UTF-8" to [fudan.se.lab2.controller.request.ReviewArticleRequest@30d3ccdc]
2020-05-09 21:48:28.140 DEBUG 15876 --- [http-nio-8080-exec-1] o.s.w.s.m.m.a.HttpEntityMethodProcessor  : Using 'application/json', given [application/json, text/plain, */*] and supported [application/json, application/*+json, application/json, application/*+json]
2020-05-09 21:48:28.140 DEBUG 15876 --- [http-nio-8080-exec-1] o.s.w.s.m.m.a.HttpEntityMethodProcessor  : Writing [{topics=[fudan.se.lab2.domain.Topic@796f645e, fudan.se.lab2.domain.Topic@1c32c465, fudan.se.lab2.dom (truncated)...]
2020-05-09 21:48:28.146 DEBUG 15876 --- [http-nio-8080-exec-1] o.s.web.servlet.DispatcherServlet        : Completed 200 OK
2020-05-09 21:49:02.717 DEBUG 15876 --- [http-nio-8080-exec-6] o.s.web.servlet.DispatcherServlet        : POST "/submitReviewResult", parameters={}
2020-05-09 21:49:02.718 DEBUG 15876 --- [http-nio-8080-exec-6] s.w.s.m.m.a.RequestMappingHandlerMapping : Mapped to fudan.se.lab2.controller.ContributionController#submitReviewResult(HttpServletRequest, SubmitReviewResultRequest)
2020-05-09 21:49:02.721 DEBUG 15876 --- [http-nio-8080-exec-6] m.m.a.RequestResponseBodyMethodProcessor : Read "application/json;charset=UTF-8" to [fudan.se.lab2.controller.request.SubmitReviewResultRequest@659bd0b8]
2020-05-09 21:49:02.743 DEBUG 15876 --- [http-nio-8080-exec-6] o.s.w.s.m.m.a.HttpEntityMethodProcessor  : Using 'application/json', given [application/json, text/plain, */*] and supported [application/json, application/*+json, application/json, application/*+json]
2020-05-09 21:49:02.743 DEBUG 15876 --- [http-nio-8080-exec-6] o.s.w.s.m.m.a.HttpEntityMethodProcessor  : Writing [{message=successful contribution, token=eyJhbGciOiJIUzUxMiJ9.eyJzdWIiOiJ0ZXN0QSIsImlhdCI6MTU4OTAzMjE (truncated)...]
2020-05-09 21:49:02.745 DEBUG 15876 --- [http-nio-8080-exec-6] o.s.web.servlet.DispatcherServlet        : Completed 200 OK
2020-05-09 21:49:02.974 DEBUG 15876 --- [http-nio-8080-exec-5] o.s.web.servlet.DispatcherServlet        : POST "/AllConferences", parameters={}
2020-05-09 21:49:02.975 DEBUG 15876 --- [http-nio-8080-exec-5] s.w.s.m.m.a.RequestMappingHandlerMapping : Mapped to fudan.se.lab2.controller.MyRelatedConferenceController#showAllConference(HttpServletRequest)
2020-05-09 21:49:03.000 DEBUG 15876 --- [http-nio-8080-exec-5] o.s.w.s.m.m.a.HttpEntityMethodProcessor  : Using 'application/json', given [application/json, text/plain, */*] and supported [application/json, application/*+json, application/json, application/*+json]
2020-05-09 21:49:03.000 DEBUG 15876 --- [http-nio-8080-exec-5] o.s.w.s.m.m.a.HttpEntityMethodProcessor  : Writing [{meetings=[fudan.se.lab2.controller.response.AllConferenceResponse@2325c891, fudan.se.lab2.controlle (truncated)...]
2020-05-09 21:49:03.005 DEBUG 15876 --- [http-nio-8080-exec-5] o.s.web.servlet.DispatcherServlet        : Completed 200 OK
2020-05-09 21:49:07.292 DEBUG 15876 --- [http-nio-8080-exec-8] o.s.web.servlet.DispatcherServlet        : POST "/ConferenceForPCMember", parameters={}
2020-05-09 21:49:07.293 DEBUG 15876 --- [http-nio-8080-exec-8] s.w.s.m.m.a.RequestMappingHandlerMapping : Mapped to fudan.se.lab2.controller.MyRelatedConferenceController#showAllConferenceForPCMember(HttpServletRequest)
2020-05-09 21:49:07.300 DEBUG 15876 --- [http-nio-8080-exec-8] o.s.w.s.m.m.a.HttpEntityMethodProcessor  : Using 'application/json', given [application/json, text/plain, */*] and supported [application/json, application/*+json, application/json, application/*+json]
2020-05-09 21:49:07.300 DEBUG 15876 --- [http-nio-8080-exec-8] o.s.w.s.m.m.a.HttpEntityMethodProcessor  : Writing [{meetings=[fudan.se.lab2.controller.response.AllConferenceResponse@1e50af89], message=获取所有我审稿的会议申请成功 (truncated)...]
2020-05-09 21:49:07.302 DEBUG 15876 --- [http-nio-8080-exec-8] o.s.web.servlet.DispatcherServlet        : Completed 200 OK
2020-05-09 21:49:09.522 DEBUG 15876 --- [http-nio-8080-exec-7] o.s.web.servlet.DispatcherServlet        : POST "/reviewArticle", parameters={}
2020-05-09 21:49:09.523 DEBUG 15876 --- [http-nio-8080-exec-7] s.w.s.m.m.a.RequestMappingHandlerMapping : Mapped to fudan.se.lab2.controller.ContributionController#reviewArticle(HttpServletRequest, ReviewArticleRequest)
2020-05-09 21:49:09.525 DEBUG 15876 --- [http-nio-8080-exec-7] m.m.a.RequestResponseBodyMethodProcessor : Read "application/json;charset=UTF-8" to [fudan.se.lab2.controller.request.ReviewArticleRequest@1fe755bf]
2020-05-09 21:49:09.530 DEBUG 15876 --- [http-nio-8080-exec-7] o.s.w.s.m.m.a.HttpEntityMethodProcessor  : Using 'application/json', given [application/json, text/plain, */*] and supported [application/json, application/*+json, application/json, application/*+json]
2020-05-09 21:49:09.531 DEBUG 15876 --- [http-nio-8080-exec-7] o.s.w.s.m.m.a.HttpEntityMethodProcessor  : Writing [{topics=[fudan.se.lab2.domain.Topic@7c3cdb8d, fudan.se.lab2.domain.Topic@702d594a, fudan.se.lab2.dom (truncated)...]
2020-05-09 21:49:09.536 DEBUG 15876 --- [http-nio-8080-exec-7] o.s.web.servlet.DispatcherServlet        : Completed 200 OK
2020-05-09 21:49:25.823 DEBUG 15876 --- [http-nio-8080-exec-2] o.s.web.servlet.DispatcherServlet        : POST "/submitReviewResult", parameters={}
2020-05-09 21:49:25.825 DEBUG 15876 --- [http-nio-8080-exec-2] s.w.s.m.m.a.RequestMappingHandlerMapping : Mapped to fudan.se.lab2.controller.ContributionController#submitReviewResult(HttpServletRequest, SubmitReviewResultRequest)
2020-05-09 21:49:25.828 DEBUG 15876 --- [http-nio-8080-exec-2] m.m.a.RequestResponseBodyMethodProcessor : Read "application/json;charset=UTF-8" to [fudan.se.lab2.controller.request.SubmitReviewResultRequest@2888c883]
2020-05-09 21:49:25.847 DEBUG 15876 --- [http-nio-8080-exec-2] o.s.w.s.m.m.a.HttpEntityMethodProcessor  : Using 'application/json', given [application/json, text/plain, */*] and supported [application/json, application/*+json, application/json, application/*+json]
2020-05-09 21:49:25.847 DEBUG 15876 --- [http-nio-8080-exec-2] o.s.w.s.m.m.a.HttpEntityMethodProcessor  : Writing [{message=successful contribution, token=eyJhbGciOiJIUzUxMiJ9.eyJzdWIiOiJ0ZXN0QSIsImlhdCI6MTU4OTAzMjE (truncated)...]
2020-05-09 21:49:25.848 DEBUG 15876 --- [http-nio-8080-exec-2] o.s.web.servlet.DispatcherServlet        : Completed 200 OK
2020-05-09 21:49:26.203 DEBUG 15876 --- [http-nio-8080-exec-9] o.s.web.servlet.DispatcherServlet        : POST "/AllConferences", parameters={}
2020-05-09 21:49:26.204 DEBUG 15876 --- [http-nio-8080-exec-9] s.w.s.m.m.a.RequestMappingHandlerMapping : Mapped to fudan.se.lab2.controller.MyRelatedConferenceController#showAllConference(HttpServletRequest)
2020-05-09 21:49:26.215 DEBUG 15876 --- [http-nio-8080-exec-9] o.s.w.s.m.m.a.HttpEntityMethodProcessor  : Using 'application/json', given [application/json, text/plain, */*] and supported [application/json, application/*+json, application/json, application/*+json]
2020-05-09 21:49:26.215 DEBUG 15876 --- [http-nio-8080-exec-9] o.s.w.s.m.m.a.HttpEntityMethodProcessor  : Writing [{meetings=[fudan.se.lab2.controller.response.AllConferenceResponse@11fffe16, fudan.se.lab2.controlle (truncated)...]
2020-05-09 21:49:26.217 DEBUG 15876 --- [http-nio-8080-exec-9] o.s.web.servlet.DispatcherServlet        : Completed 200 OK
2020-05-09 21:49:40.105  WARN 15876 --- [http-nio-8080-exec-4] f.se.lab2.security.jwt.JwtRequestFilter  : JWT Token does not begin with Bearer String
2020-05-09 21:49:40.106 DEBUG 15876 --- [http-nio-8080-exec-4] o.s.web.servlet.DispatcherServlet        : POST "/login", parameters={}
2020-05-09 21:49:40.107 DEBUG 15876 --- [http-nio-8080-exec-4] s.w.s.m.m.a.RequestMappingHandlerMapping : Mapped to fudan.se.lab2.controller.AuthController#login(LoginRequest)
2020-05-09 21:49:40.109 DEBUG 15876 --- [http-nio-8080-exec-4] m.m.a.RequestResponseBodyMethodProcessor : Read "application/json;charset=UTF-8" to [fudan.se.lab2.controller.request.LoginRequest@4bcb9943]
2020-05-09 21:49:40.302 DEBUG 15876 --- [http-nio-8080-exec-4] o.s.w.s.m.m.a.HttpEntityMethodProcessor  : Using 'application/json', given [application/json, text/plain, */*] and supported [application/json, application/*+json, application/json, application/*+json]
2020-05-09 21:49:40.302 DEBUG 15876 --- [http-nio-8080-exec-4] o.s.w.s.m.m.a.HttpEntityMethodProcessor  : Writing [{institution=复旦, country=China, fullName=guotaian, id=13, message=success, email=18302010041@fudan.e (truncated)...]
2020-05-09 21:49:40.303 DEBUG 15876 --- [http-nio-8080-exec-4] o.s.web.servlet.DispatcherServlet        : Completed 200 OK
2020-05-09 21:49:40.384 DEBUG 15876 --- [http-nio-8080-exec-3] o.s.web.servlet.DispatcherServlet        : POST "/mailCenter", parameters={}
2020-05-09 21:49:40.384 DEBUG 15876 --- [http-nio-8080-exec-3] s.w.s.m.m.a.RequestMappingHandlerMapping : Mapped to fudan.se.lab2.controller.MessageController#openMailCenter(HttpServletRequest)
2020-05-09 21:49:40.387 DEBUG 15876 --- [http-nio-8080-exec-3] o.s.w.s.m.m.a.HttpEntityMethodProcessor  : Using 'application/json', given [application/json, text/plain, */*] and supported [application/json, application/*+json, application/json, application/*+json]
2020-05-09 21:49:40.387 DEBUG 15876 --- [http-nio-8080-exec-3] o.s.w.s.m.m.a.HttpEntityMethodProcessor  : Writing [{messages=[], token=eyJhbGciOiJIUzUxMiJ9.eyJzdWIiOiJ0ZXN0QiIsImlhdCI6MTU4OTAzMjE4MCwiZXhwIjoxNTg5MDU (truncated)...]
2020-05-09 21:49:40.389 DEBUG 15876 --- [http-nio-8080-exec-3] o.s.web.servlet.DispatcherServlet        : Completed 200 OK
2020-05-09 21:49:42.502 DEBUG 15876 --- [http-nio-8080-exec-10] o.s.web.servlet.DispatcherServlet        : POST "/ConferenceForPCMember", parameters={}
2020-05-09 21:49:42.503 DEBUG 15876 --- [http-nio-8080-exec-10] s.w.s.m.m.a.RequestMappingHandlerMapping : Mapped to fudan.se.lab2.controller.MyRelatedConferenceController#showAllConferenceForPCMember(HttpServletRequest)
2020-05-09 21:49:42.508 DEBUG 15876 --- [http-nio-8080-exec-10] o.s.w.s.m.m.a.HttpEntityMethodProcessor  : Using 'application/json', given [application/json, text/plain, */*] and supported [application/json, application/*+json, application/json, application/*+json]
2020-05-09 21:49:42.508 DEBUG 15876 --- [http-nio-8080-exec-10] o.s.w.s.m.m.a.HttpEntityMethodProcessor  : Writing [{meetings=[fudan.se.lab2.controller.response.AllConferenceResponse@c3cac07], message=获取所有我审稿的会议申请成功, (truncated)...]
2020-05-09 21:49:42.510 DEBUG 15876 --- [http-nio-8080-exec-10] o.s.web.servlet.DispatcherServlet        : Completed 200 OK
2020-05-09 21:49:44.745 DEBUG 15876 --- [http-nio-8080-exec-1] o.s.web.servlet.DispatcherServlet        : POST "/reviewArticle", parameters={}
2020-05-09 21:49:44.745 DEBUG 15876 --- [http-nio-8080-exec-1] s.w.s.m.m.a.RequestMappingHandlerMapping : Mapped to fudan.se.lab2.controller.ContributionController#reviewArticle(HttpServletRequest, ReviewArticleRequest)
2020-05-09 21:49:44.746 DEBUG 15876 --- [http-nio-8080-exec-1] m.m.a.RequestResponseBodyMethodProcessor : Read "application/json;charset=UTF-8" to [fudan.se.lab2.controller.request.ReviewArticleRequest@7b91643f]
2020-05-09 21:49:44.753 DEBUG 15876 --- [http-nio-8080-exec-1] o.s.w.s.m.m.a.HttpEntityMethodProcessor  : Using 'application/json', given [application/json, text/plain, */*] and supported [application/json, application/*+json, application/json, application/*+json]
2020-05-09 21:49:44.754 DEBUG 15876 --- [http-nio-8080-exec-1] o.s.w.s.m.m.a.HttpEntityMethodProcessor  : Writing [{topics=[fudan.se.lab2.domain.Topic@344ad15a, fudan.se.lab2.domain.Topic@25812ecd], message=请求成功, ar (truncated)...]
2020-05-09 21:49:44.756 DEBUG 15876 --- [http-nio-8080-exec-1] o.s.web.servlet.DispatcherServlet        : Completed 200 OK
2020-05-09 21:50:05.760 DEBUG 15876 --- [http-nio-8080-exec-6] o.s.web.servlet.DispatcherServlet        : POST "/submitReviewResult", parameters={}
2020-05-09 21:50:05.761 DEBUG 15876 --- [http-nio-8080-exec-6] s.w.s.m.m.a.RequestMappingHandlerMapping : Mapped to fudan.se.lab2.controller.ContributionController#submitReviewResult(HttpServletRequest, SubmitReviewResultRequest)
2020-05-09 21:50:05.764 DEBUG 15876 --- [http-nio-8080-exec-6] m.m.a.RequestResponseBodyMethodProcessor : Read "application/json;charset=UTF-8" to [fudan.se.lab2.controller.request.SubmitReviewResultRequest@7c3ddb16]
2020-05-09 21:50:05.783 DEBUG 15876 --- [http-nio-8080-exec-6] o.s.w.s.m.m.a.HttpEntityMethodProcessor  : Using 'application/json', given [application/json, text/plain, */*] and supported [application/json, application/*+json, application/json, application/*+json]
2020-05-09 21:50:05.784 DEBUG 15876 --- [http-nio-8080-exec-6] o.s.w.s.m.m.a.HttpEntityMethodProcessor  : Writing [{message=successful contribution, token=eyJhbGciOiJIUzUxMiJ9.eyJzdWIiOiJ0ZXN0QiIsImlhdCI6MTU4OTAzMjE (truncated)...]
2020-05-09 21:50:05.785 DEBUG 15876 --- [http-nio-8080-exec-6] o.s.web.servlet.DispatcherServlet        : Completed 200 OK
2020-05-09 21:50:06.010 DEBUG 15876 --- [http-nio-8080-exec-5] o.s.web.servlet.DispatcherServlet        : POST "/AllConferences", parameters={}
2020-05-09 21:50:06.011 DEBUG 15876 --- [http-nio-8080-exec-5] s.w.s.m.m.a.RequestMappingHandlerMapping : Mapped to fudan.se.lab2.controller.MyRelatedConferenceController#showAllConference(HttpServletRequest)
2020-05-09 21:50:06.030 DEBUG 15876 --- [http-nio-8080-exec-5] o.s.w.s.m.m.a.HttpEntityMethodProcessor  : Using 'application/json', given [application/json, text/plain, */*] and supported [application/json, application/*+json, application/json, application/*+json]
2020-05-09 21:50:06.031 DEBUG 15876 --- [http-nio-8080-exec-5] o.s.w.s.m.m.a.HttpEntityMethodProcessor  : Writing [{meetings=[fudan.se.lab2.controller.response.AllConferenceResponse@21438e67, fudan.se.lab2.controlle (truncated)...]
2020-05-09 21:50:06.033 DEBUG 15876 --- [http-nio-8080-exec-5] o.s.web.servlet.DispatcherServlet        : Completed 200 OK
2020-05-09 21:50:20.992 DEBUG 15876 --- [http-nio-8080-exec-8] o.s.web.servlet.DispatcherServlet        : POST "/ConferenceForPCMember", parameters={}
2020-05-09 21:50:20.993 DEBUG 15876 --- [http-nio-8080-exec-8] s.w.s.m.m.a.RequestMappingHandlerMapping : Mapped to fudan.se.lab2.controller.MyRelatedConferenceController#showAllConferenceForPCMember(HttpServletRequest)
2020-05-09 21:50:21.007 DEBUG 15876 --- [http-nio-8080-exec-8] o.s.w.s.m.m.a.HttpEntityMethodProcessor  : Using 'application/json', given [application/json, text/plain, */*] and supported [application/json, application/*+json, application/json, application/*+json]
2020-05-09 21:50:21.008 DEBUG 15876 --- [http-nio-8080-exec-8] o.s.w.s.m.m.a.HttpEntityMethodProcessor  : Writing [{meetings=[fudan.se.lab2.controller.response.AllConferenceResponse@29ada1ba], message=获取所有我审稿的会议申请成功 (truncated)...]
2020-05-09 21:50:21.010 DEBUG 15876 --- [http-nio-8080-exec-8] o.s.web.servlet.DispatcherServlet        : Completed 200 OK
2020-05-09 21:50:23.205 DEBUG 15876 --- [http-nio-8080-exec-7] o.s.web.servlet.DispatcherServlet        : POST "/reviewArticle", parameters={}
2020-05-09 21:50:23.206 DEBUG 15876 --- [http-nio-8080-exec-7] s.w.s.m.m.a.RequestMappingHandlerMapping : Mapped to fudan.se.lab2.controller.ContributionController#reviewArticle(HttpServletRequest, ReviewArticleRequest)
2020-05-09 21:50:23.207 DEBUG 15876 --- [http-nio-8080-exec-7] m.m.a.RequestResponseBodyMethodProcessor : Read "application/json;charset=UTF-8" to [fudan.se.lab2.controller.request.ReviewArticleRequest@66770e1f]
2020-05-09 21:50:23.213 DEBUG 15876 --- [http-nio-8080-exec-7] o.s.w.s.m.m.a.HttpEntityMethodProcessor  : Using 'application/json', given [application/json, text/plain, */*] and supported [application/json, application/*+json, application/json, application/*+json]
2020-05-09 21:50:23.213 DEBUG 15876 --- [http-nio-8080-exec-7] o.s.w.s.m.m.a.HttpEntityMethodProcessor  : Writing [{topics=[fudan.se.lab2.domain.Topic@4aa39bab, fudan.se.lab2.domain.Topic@1c7ab592], message=请求成功, ar (truncated)...]
2020-05-09 21:50:23.216 DEBUG 15876 --- [http-nio-8080-exec-7] o.s.web.servlet.DispatcherServlet        : Completed 200 OK
2020-05-09 21:50:32.796 DEBUG 15876 --- [http-nio-8080-exec-2] o.s.web.servlet.DispatcherServlet        : POST "/submitReviewResult", parameters={}
2020-05-09 21:50:32.797 DEBUG 15876 --- [http-nio-8080-exec-2] s.w.s.m.m.a.RequestMappingHandlerMapping : Mapped to fudan.se.lab2.controller.ContributionController#submitReviewResult(HttpServletRequest, SubmitReviewResultRequest)
2020-05-09 21:50:32.797 DEBUG 15876 --- [http-nio-8080-exec-2] m.m.a.RequestResponseBodyMethodProcessor : Read "application/json;charset=UTF-8" to [fudan.se.lab2.controller.request.SubmitReviewResultRequest@573657b]
2020-05-09 21:50:32.806 DEBUG 15876 --- [http-nio-8080-exec-2] o.s.w.s.m.m.a.HttpEntityMethodProcessor  : Using 'application/json', given [application/json, text/plain, */*] and supported [application/json, application/*+json, application/json, application/*+json]
2020-05-09 21:50:32.806 DEBUG 15876 --- [http-nio-8080-exec-2] o.s.w.s.m.m.a.HttpEntityMethodProcessor  : Writing [{message=successful contribution, token=eyJhbGciOiJIUzUxMiJ9.eyJzdWIiOiJ0ZXN0QiIsImlhdCI6MTU4OTAzMjE (truncated)...]
2020-05-09 21:50:32.807 DEBUG 15876 --- [http-nio-8080-exec-2] o.s.web.servlet.DispatcherServlet        : Completed 200 OK
2020-05-09 21:50:33.060 DEBUG 15876 --- [http-nio-8080-exec-9] o.s.web.servlet.DispatcherServlet        : POST "/AllConferences", parameters={}
2020-05-09 21:50:33.060 DEBUG 15876 --- [http-nio-8080-exec-9] s.w.s.m.m.a.RequestMappingHandlerMapping : Mapped to fudan.se.lab2.controller.MyRelatedConferenceController#showAllConference(HttpServletRequest)
2020-05-09 21:50:33.082 DEBUG 15876 --- [http-nio-8080-exec-9] o.s.w.s.m.m.a.HttpEntityMethodProcessor  : Using 'application/json', given [application/json, text/plain, */*] and supported [application/json, application/*+json, application/json, application/*+json]
2020-05-09 21:50:33.083 DEBUG 15876 --- [http-nio-8080-exec-9] o.s.w.s.m.m.a.HttpEntityMethodProcessor  : Writing [{meetings=[fudan.se.lab2.controller.response.AllConferenceResponse@74fc8f81, fudan.se.lab2.controlle (truncated)...]
2020-05-09 21:50:33.089 DEBUG 15876 --- [http-nio-8080-exec-9] o.s.web.servlet.DispatcherServlet        : Completed 200 OK
2020-05-09 21:50:36.428 DEBUG 15876 --- [http-nio-8080-exec-4] o.s.web.servlet.DispatcherServlet        : POST "/ConferenceForPCMember", parameters={}
2020-05-09 21:50:36.429 DEBUG 15876 --- [http-nio-8080-exec-4] s.w.s.m.m.a.RequestMappingHandlerMapping : Mapped to fudan.se.lab2.controller.MyRelatedConferenceController#showAllConferenceForPCMember(HttpServletRequest)
2020-05-09 21:50:36.436 DEBUG 15876 --- [http-nio-8080-exec-4] o.s.w.s.m.m.a.HttpEntityMethodProcessor  : Using 'application/json', given [application/json, text/plain, */*] and supported [application/json, application/*+json, application/json, application/*+json]
2020-05-09 21:50:36.436 DEBUG 15876 --- [http-nio-8080-exec-4] o.s.w.s.m.m.a.HttpEntityMethodProcessor  : Writing [{meetings=[fudan.se.lab2.controller.response.AllConferenceResponse@6fe941bf], message=获取所有我审稿的会议申请成功 (truncated)...]
2020-05-09 21:50:36.438 DEBUG 15876 --- [http-nio-8080-exec-4] o.s.web.servlet.DispatcherServlet        : Completed 200 OK
2020-05-09 21:50:39.067 DEBUG 15876 --- [http-nio-8080-exec-3] o.s.web.servlet.DispatcherServlet        : POST "/reviewArticle", parameters={}
2020-05-09 21:50:39.068 DEBUG 15876 --- [http-nio-8080-exec-3] s.w.s.m.m.a.RequestMappingHandlerMapping : Mapped to fudan.se.lab2.controller.ContributionController#reviewArticle(HttpServletRequest, ReviewArticleRequest)
2020-05-09 21:50:39.069 DEBUG 15876 --- [http-nio-8080-exec-3] m.m.a.RequestResponseBodyMethodProcessor : Read "application/json;charset=UTF-8" to [fudan.se.lab2.controller.request.ReviewArticleRequest@6276996d]
2020-05-09 21:50:39.078 DEBUG 15876 --- [http-nio-8080-exec-3] o.s.w.s.m.m.a.HttpEntityMethodProcessor  : Using 'application/json', given [application/json, text/plain, */*] and supported [application/json, application/*+json, application/json, application/*+json]
2020-05-09 21:50:39.078 DEBUG 15876 --- [http-nio-8080-exec-3] o.s.w.s.m.m.a.HttpEntityMethodProcessor  : Writing [{topics=[fudan.se.lab2.domain.Topic@3ea07580, fudan.se.lab2.domain.Topic@423e55ab], message=请求成功, ar (truncated)...]
2020-05-09 21:50:39.082 DEBUG 15876 --- [http-nio-8080-exec-3] o.s.web.servlet.DispatcherServlet        : Completed 200 OK
2020-05-09 21:50:47.165 DEBUG 15876 --- [http-nio-8080-exec-10] o.s.web.servlet.DispatcherServlet        : POST "/submitReviewResult", parameters={}
2020-05-09 21:50:47.166 DEBUG 15876 --- [http-nio-8080-exec-10] s.w.s.m.m.a.RequestMappingHandlerMapping : Mapped to fudan.se.lab2.controller.ContributionController#submitReviewResult(HttpServletRequest, SubmitReviewResultRequest)
2020-05-09 21:50:47.169 DEBUG 15876 --- [http-nio-8080-exec-10] m.m.a.RequestResponseBodyMethodProcessor : Read "application/json;charset=UTF-8" to [fudan.se.lab2.controller.request.SubmitReviewResultRequest@6a30a39f]
2020-05-09 21:50:47.185 DEBUG 15876 --- [http-nio-8080-exec-10] o.s.w.s.m.m.a.HttpEntityMethodProcessor  : Using 'application/json', given [application/json, text/plain, */*] and supported [application/json, application/*+json, application/json, application/*+json]
2020-05-09 21:50:47.185 DEBUG 15876 --- [http-nio-8080-exec-10] o.s.w.s.m.m.a.HttpEntityMethodProcessor  : Writing [{message=successful contribution, token=eyJhbGciOiJIUzUxMiJ9.eyJzdWIiOiJ0ZXN0QiIsImlhdCI6MTU4OTAzMjE (truncated)...]
2020-05-09 21:50:47.187 DEBUG 15876 --- [http-nio-8080-exec-10] o.s.web.servlet.DispatcherServlet        : Completed 200 OK
2020-05-09 21:50:47.231 DEBUG 15876 --- [http-nio-8080-exec-1] o.s.web.servlet.DispatcherServlet        : POST "/AllConferences", parameters={}
2020-05-09 21:50:47.232 DEBUG 15876 --- [http-nio-8080-exec-1] s.w.s.m.m.a.RequestMappingHandlerMapping : Mapped to fudan.se.lab2.controller.MyRelatedConferenceController#showAllConference(HttpServletRequest)
2020-05-09 21:50:47.239 DEBUG 15876 --- [http-nio-8080-exec-1] o.s.w.s.m.m.a.HttpEntityMethodProcessor  : Using 'application/json', given [application/json, text/plain, */*] and supported [application/json, application/*+json, application/json, application/*+json]
2020-05-09 21:50:47.240 DEBUG 15876 --- [http-nio-8080-exec-1] o.s.w.s.m.m.a.HttpEntityMethodProcessor  : Writing [{meetings=[fudan.se.lab2.controller.response.AllConferenceResponse@706d0988, fudan.se.lab2.controlle (truncated)...]
2020-05-09 21:50:47.242 DEBUG 15876 --- [http-nio-8080-exec-1] o.s.web.servlet.DispatcherServlet        : Completed 200 OK
2020-05-09 21:51:00.408  WARN 15876 --- [http-nio-8080-exec-6] f.se.lab2.security.jwt.JwtRequestFilter  : JWT Token does not begin with Bearer String
2020-05-09 21:51:00.409 DEBUG 15876 --- [http-nio-8080-exec-6] o.s.web.servlet.DispatcherServlet        : POST "/login", parameters={}
2020-05-09 21:51:00.409 DEBUG 15876 --- [http-nio-8080-exec-6] s.w.s.m.m.a.RequestMappingHandlerMapping : Mapped to fudan.se.lab2.controller.AuthController#login(LoginRequest)
2020-05-09 21:51:00.411 DEBUG 15876 --- [http-nio-8080-exec-6] m.m.a.RequestResponseBodyMethodProcessor : Read "application/json;charset=UTF-8" to [fudan.se.lab2.controller.request.LoginRequest@1e8ca008]
2020-05-09 21:51:00.604 DEBUG 15876 --- [http-nio-8080-exec-6] o.s.w.s.m.m.a.HttpEntityMethodProcessor  : Using 'application/json', given [application/json, text/plain, */*] and supported [application/json, application/*+json, application/json, application/*+json]
2020-05-09 21:51:00.604 DEBUG 15876 --- [http-nio-8080-exec-6] o.s.w.s.m.m.a.HttpEntityMethodProcessor  : Writing [{institution=复旦, country=China, fullName=guotaian, id=14, message=success, email=18302010041@fudan.e (truncated)...]
2020-05-09 21:51:00.605 DEBUG 15876 --- [http-nio-8080-exec-6] o.s.web.servlet.DispatcherServlet        : Completed 200 OK
2020-05-09 21:51:00.671 DEBUG 15876 --- [http-nio-8080-exec-5] o.s.web.servlet.DispatcherServlet        : POST "/mailCenter", parameters={}
2020-05-09 21:51:00.671 DEBUG 15876 --- [http-nio-8080-exec-5] s.w.s.m.m.a.RequestMappingHandlerMapping : Mapped to fudan.se.lab2.controller.MessageController#openMailCenter(HttpServletRequest)
2020-05-09 21:51:00.674 DEBUG 15876 --- [http-nio-8080-exec-5] o.s.w.s.m.m.a.HttpEntityMethodProcessor  : Using 'application/json', given [application/json, text/plain, */*] and supported [application/json, application/*+json, application/json, application/*+json]
2020-05-09 21:51:00.674 DEBUG 15876 --- [http-nio-8080-exec-5] o.s.w.s.m.m.a.HttpEntityMethodProcessor  : Writing [{messages=[], token=eyJhbGciOiJIUzUxMiJ9.eyJzdWIiOiJ0ZXN0QyIsImlhdCI6MTU4OTAzMjI2MCwiZXhwIjoxNTg5MDU (truncated)...]
2020-05-09 21:51:00.675 DEBUG 15876 --- [http-nio-8080-exec-5] o.s.web.servlet.DispatcherServlet        : Completed 200 OK
2020-05-09 21:51:04.346 DEBUG 15876 --- [http-nio-8080-exec-8] o.s.web.servlet.DispatcherServlet        : POST "/ConferenceForPCMember", parameters={}
2020-05-09 21:51:04.346 DEBUG 15876 --- [http-nio-8080-exec-8] s.w.s.m.m.a.RequestMappingHandlerMapping : Mapped to fudan.se.lab2.controller.MyRelatedConferenceController#showAllConferenceForPCMember(HttpServletRequest)
2020-05-09 21:51:04.351 DEBUG 15876 --- [http-nio-8080-exec-8] o.s.w.s.m.m.a.HttpEntityMethodProcessor  : Using 'application/json', given [application/json, text/plain, */*] and supported [application/json, application/*+json, application/json, application/*+json]
2020-05-09 21:51:04.351 DEBUG 15876 --- [http-nio-8080-exec-8] o.s.w.s.m.m.a.HttpEntityMethodProcessor  : Writing [{meetings=[fudan.se.lab2.controller.response.AllConferenceResponse@3f0407f0], message=获取所有我审稿的会议申请成功 (truncated)...]
2020-05-09 21:51:04.353 DEBUG 15876 --- [http-nio-8080-exec-8] o.s.web.servlet.DispatcherServlet        : Completed 200 OK
2020-05-09 21:51:06.427 DEBUG 15876 --- [http-nio-8080-exec-7] o.s.web.servlet.DispatcherServlet        : POST "/reviewArticle", parameters={}
2020-05-09 21:51:06.428 DEBUG 15876 --- [http-nio-8080-exec-7] s.w.s.m.m.a.RequestMappingHandlerMapping : Mapped to fudan.se.lab2.controller.ContributionController#reviewArticle(HttpServletRequest, ReviewArticleRequest)
2020-05-09 21:51:06.429 DEBUG 15876 --- [http-nio-8080-exec-7] m.m.a.RequestResponseBodyMethodProcessor : Read "application/json;charset=UTF-8" to [fudan.se.lab2.controller.request.ReviewArticleRequest@2608213d]
2020-05-09 21:51:06.434 DEBUG 15876 --- [http-nio-8080-exec-7] o.s.w.s.m.m.a.HttpEntityMethodProcessor  : Using 'application/json', given [application/json, text/plain, */*] and supported [application/json, application/*+json, application/json, application/*+json]
2020-05-09 21:51:06.435 DEBUG 15876 --- [http-nio-8080-exec-7] o.s.w.s.m.m.a.HttpEntityMethodProcessor  : Writing [{topics=[fudan.se.lab2.domain.Topic@73dd2778, fudan.se.lab2.domain.Topic@72ebbaec, fudan.se.lab2.dom (truncated)...]
2020-05-09 21:51:06.437 DEBUG 15876 --- [http-nio-8080-exec-7] o.s.web.servlet.DispatcherServlet        : Completed 200 OK
2020-05-09 21:52:18.827 DEBUG 15876 --- [http-nio-8080-exec-2] o.s.web.servlet.DispatcherServlet        : POST "/submitReviewResult", parameters={}
2020-05-09 21:52:18.828 DEBUG 15876 --- [http-nio-8080-exec-2] s.w.s.m.m.a.RequestMappingHandlerMapping : Mapped to fudan.se.lab2.controller.ContributionController#submitReviewResult(HttpServletRequest, SubmitReviewResultRequest)
2020-05-09 21:52:18.830 DEBUG 15876 --- [http-nio-8080-exec-2] m.m.a.RequestResponseBodyMethodProcessor : Read "application/json;charset=UTF-8" to [fudan.se.lab2.controller.request.SubmitReviewResultRequest@71d9a82]
2020-05-09 21:52:18.842 DEBUG 15876 --- [http-nio-8080-exec-2] o.s.w.s.m.m.a.HttpEntityMethodProcessor  : Using 'application/json', given [application/json, text/plain, */*] and supported [application/json, application/*+json, application/json, application/*+json]
2020-05-09 21:52:18.842 DEBUG 15876 --- [http-nio-8080-exec-2] o.s.w.s.m.m.a.HttpEntityMethodProcessor  : Writing [{message=successful contribution, token=eyJhbGciOiJIUzUxMiJ9.eyJzdWIiOiJ0ZXN0QyIsImlhdCI6MTU4OTAzMjI (truncated)...]
2020-05-09 21:52:18.843 DEBUG 15876 --- [http-nio-8080-exec-2] o.s.web.servlet.DispatcherServlet        : Completed 200 OK
2020-05-09 21:52:18.884 DEBUG 15876 --- [http-nio-8080-exec-9] o.s.web.servlet.DispatcherServlet        : POST "/AllConferences", parameters={}
2020-05-09 21:52:18.885 DEBUG 15876 --- [http-nio-8080-exec-9] s.w.s.m.m.a.RequestMappingHandlerMapping : Mapped to fudan.se.lab2.controller.MyRelatedConferenceController#showAllConference(HttpServletRequest)
2020-05-09 21:52:18.894 DEBUG 15876 --- [http-nio-8080-exec-9] o.s.w.s.m.m.a.HttpEntityMethodProcessor  : Using 'application/json', given [application/json, text/plain, */*] and supported [application/json, application/*+json, application/json, application/*+json]
2020-05-09 21:52:18.895 DEBUG 15876 --- [http-nio-8080-exec-9] o.s.w.s.m.m.a.HttpEntityMethodProcessor  : Writing [{meetings=[fudan.se.lab2.controller.response.AllConferenceResponse@36c83103, fudan.se.lab2.controlle (truncated)...]
2020-05-09 21:52:18.897 DEBUG 15876 --- [http-nio-8080-exec-9] o.s.web.servlet.DispatcherServlet        : Completed 200 OK
2020-05-09 21:52:21.691 DEBUG 15876 --- [http-nio-8080-exec-4] o.s.web.servlet.DispatcherServlet        : POST "/ConferenceForPCMember", parameters={}
2020-05-09 21:52:21.691 DEBUG 15876 --- [http-nio-8080-exec-4] s.w.s.m.m.a.RequestMappingHandlerMapping : Mapped to fudan.se.lab2.controller.MyRelatedConferenceController#showAllConferenceForPCMember(HttpServletRequest)
2020-05-09 21:52:21.696 DEBUG 15876 --- [http-nio-8080-exec-4] o.s.w.s.m.m.a.HttpEntityMethodProcessor  : Using 'application/json', given [application/json, text/plain, */*] and supported [application/json, application/*+json, application/json, application/*+json]
2020-05-09 21:52:21.696 DEBUG 15876 --- [http-nio-8080-exec-4] o.s.w.s.m.m.a.HttpEntityMethodProcessor  : Writing [{meetings=[fudan.se.lab2.controller.response.AllConferenceResponse@5321615d], message=获取所有我审稿的会议申请成功 (truncated)...]
2020-05-09 21:52:21.698 DEBUG 15876 --- [http-nio-8080-exec-4] o.s.web.servlet.DispatcherServlet        : Completed 200 OK
2020-05-09 21:52:26.548 DEBUG 15876 --- [http-nio-8080-exec-3] o.s.web.servlet.DispatcherServlet        : POST "/reviewArticle", parameters={}
2020-05-09 21:52:26.548 DEBUG 15876 --- [http-nio-8080-exec-3] s.w.s.m.m.a.RequestMappingHandlerMapping : Mapped to fudan.se.lab2.controller.ContributionController#reviewArticle(HttpServletRequest, ReviewArticleRequest)
2020-05-09 21:52:26.550 DEBUG 15876 --- [http-nio-8080-exec-3] m.m.a.RequestResponseBodyMethodProcessor : Read "application/json;charset=UTF-8" to [fudan.se.lab2.controller.request.ReviewArticleRequest@744bebca]
2020-05-09 21:52:26.553 DEBUG 15876 --- [http-nio-8080-exec-3] o.s.w.s.m.m.a.HttpEntityMethodProcessor  : Using 'application/json', given [application/json, text/plain, */*] and supported [application/json, application/*+json, application/json, application/*+json]
2020-05-09 21:52:26.553 DEBUG 15876 --- [http-nio-8080-exec-3] o.s.w.s.m.m.a.HttpEntityMethodProcessor  : Writing [{topics=[fudan.se.lab2.domain.Topic@22e96b2d, fudan.se.lab2.domain.Topic@24de5fc6, fudan.se.lab2.dom (truncated)...]
2020-05-09 21:52:26.555 DEBUG 15876 --- [http-nio-8080-exec-3] o.s.web.servlet.DispatcherServlet        : Completed 200 OK
2020-05-09 21:52:34.897 DEBUG 15876 --- [http-nio-8080-exec-10] o.s.web.servlet.DispatcherServlet        : POST "/submitReviewResult", parameters={}
2020-05-09 21:52:34.898 DEBUG 15876 --- [http-nio-8080-exec-10] s.w.s.m.m.a.RequestMappingHandlerMapping : Mapped to fudan.se.lab2.controller.ContributionController#submitReviewResult(HttpServletRequest, SubmitReviewResultRequest)
2020-05-09 21:52:34.900 DEBUG 15876 --- [http-nio-8080-exec-10] m.m.a.RequestResponseBodyMethodProcessor : Read "application/json;charset=UTF-8" to [fudan.se.lab2.controller.request.SubmitReviewResultRequest@36c47adb]
2020-05-09 21:52:34.913 DEBUG 15876 --- [http-nio-8080-exec-10] o.s.w.s.m.m.a.HttpEntityMethodProcessor  : Using 'application/json', given [application/json, text/plain, */*] and supported [application/json, application/*+json, application/json, application/*+json]
2020-05-09 21:52:34.913 DEBUG 15876 --- [http-nio-8080-exec-10] o.s.w.s.m.m.a.HttpEntityMethodProcessor  : Writing [{message=successful contribution, token=eyJhbGciOiJIUzUxMiJ9.eyJzdWIiOiJ0ZXN0QyIsImlhdCI6MTU4OTAzMjI (truncated)...]
2020-05-09 21:52:34.915 DEBUG 15876 --- [http-nio-8080-exec-10] o.s.web.servlet.DispatcherServlet        : Completed 200 OK
2020-05-09 21:52:35.267 DEBUG 15876 --- [http-nio-8080-exec-1] o.s.web.servlet.DispatcherServlet        : POST "/AllConferences", parameters={}
2020-05-09 21:52:35.268 DEBUG 15876 --- [http-nio-8080-exec-1] s.w.s.m.m.a.RequestMappingHandlerMapping : Mapped to fudan.se.lab2.controller.MyRelatedConferenceController#showAllConference(HttpServletRequest)
2020-05-09 21:52:35.278 DEBUG 15876 --- [http-nio-8080-exec-1] o.s.w.s.m.m.a.HttpEntityMethodProcessor  : Using 'application/json', given [application/json, text/plain, */*] and supported [application/json, application/*+json, application/json, application/*+json]
2020-05-09 21:52:35.279 DEBUG 15876 --- [http-nio-8080-exec-1] o.s.w.s.m.m.a.HttpEntityMethodProcessor  : Writing [{meetings=[fudan.se.lab2.controller.response.AllConferenceResponse@28d8fc5, fudan.se.lab2.controller (truncated)...]
2020-05-09 21:52:35.281 DEBUG 15876 --- [http-nio-8080-exec-1] o.s.web.servlet.DispatcherServlet        : Completed 200 OK
2020-05-09 21:52:49.617  WARN 15876 --- [http-nio-8080-exec-6] f.se.lab2.security.jwt.JwtRequestFilter  : JWT Token does not begin with Bearer String
2020-05-09 21:52:49.617 DEBUG 15876 --- [http-nio-8080-exec-6] o.s.web.servlet.DispatcherServlet        : POST "/login", parameters={}
2020-05-09 21:52:49.617 DEBUG 15876 --- [http-nio-8080-exec-6] s.w.s.m.m.a.RequestMappingHandlerMapping : Mapped to fudan.se.lab2.controller.AuthController#login(LoginRequest)
2020-05-09 21:52:49.618 DEBUG 15876 --- [http-nio-8080-exec-6] m.m.a.RequestResponseBodyMethodProcessor : Read "application/json;charset=UTF-8" to [fudan.se.lab2.controller.request.LoginRequest@7a2759a7]
2020-05-09 21:52:49.789 DEBUG 15876 --- [http-nio-8080-exec-6] o.s.w.s.m.m.a.HttpEntityMethodProcessor  : Using 'application/json', given [application/json, text/plain, */*] and supported [application/json, application/*+json, application/json, application/*+json]
2020-05-09 21:52:49.789 DEBUG 15876 --- [http-nio-8080-exec-6] o.s.w.s.m.m.a.HttpEntityMethodProcessor  : Writing [{institution=复旦, country=China, fullName=guotaian, id=15, message=success, email=18302010041@fudan.e (truncated)...]
2020-05-09 21:52:49.790 DEBUG 15876 --- [http-nio-8080-exec-6] o.s.web.servlet.DispatcherServlet        : Completed 200 OK
2020-05-09 21:52:49.871 DEBUG 15876 --- [http-nio-8080-exec-5] o.s.web.servlet.DispatcherServlet        : POST "/mailCenter", parameters={}
2020-05-09 21:52:49.871 DEBUG 15876 --- [http-nio-8080-exec-5] s.w.s.m.m.a.RequestMappingHandlerMapping : Mapped to fudan.se.lab2.controller.MessageController#openMailCenter(HttpServletRequest)
2020-05-09 21:52:49.872 DEBUG 15876 --- [http-nio-8080-exec-5] o.s.w.s.m.m.a.HttpEntityMethodProcessor  : Using 'application/json', given [application/json, text/plain, */*] and supported [application/json, application/*+json, application/json, application/*+json]
2020-05-09 21:52:49.872 DEBUG 15876 --- [http-nio-8080-exec-5] o.s.w.s.m.m.a.HttpEntityMethodProcessor  : Writing [{messages=[], token=eyJhbGciOiJIUzUxMiJ9.eyJzdWIiOiJ0ZXN0RCIsImlhdCI6MTU4OTAzMjM2OSwiZXhwIjoxNTg5MDU (truncated)...]
2020-05-09 21:52:49.873 DEBUG 15876 --- [http-nio-8080-exec-5] o.s.web.servlet.DispatcherServlet        : Completed 200 OK
2020-05-09 21:52:52.756 DEBUG 15876 --- [http-nio-8080-exec-8] o.s.web.servlet.DispatcherServlet        : POST "/ConferenceForPCMember", parameters={}
2020-05-09 21:52:52.757 DEBUG 15876 --- [http-nio-8080-exec-8] s.w.s.m.m.a.RequestMappingHandlerMapping : Mapped to fudan.se.lab2.controller.MyRelatedConferenceController#showAllConferenceForPCMember(HttpServletRequest)
2020-05-09 21:52:52.760 DEBUG 15876 --- [http-nio-8080-exec-8] o.s.w.s.m.m.a.HttpEntityMethodProcessor  : Using 'application/json', given [application/json, text/plain, */*] and supported [application/json, application/*+json, application/json, application/*+json]
2020-05-09 21:52:52.760 DEBUG 15876 --- [http-nio-8080-exec-8] o.s.w.s.m.m.a.HttpEntityMethodProcessor  : Writing [{meetings=[], message=获取所有我审稿的会议申请成功, token=eyJhbGciOiJIUzUxMiJ9.eyJzdWIiOiJ0ZXN0RCIsImlhdCI6MTU4OTA (truncated)...]
2020-05-09 21:52:52.761 DEBUG 15876 --- [http-nio-8080-exec-8] o.s.web.servlet.DispatcherServlet        : Completed 200 OK
2020-05-09 21:53:07.659  WARN 15876 --- [http-nio-8080-exec-7] f.se.lab2.security.jwt.JwtRequestFilter  : JWT Token does not begin with Bearer String
2020-05-09 21:53:07.661 DEBUG 15876 --- [http-nio-8080-exec-7] o.s.web.servlet.DispatcherServlet        : POST "/login", parameters={}
2020-05-09 21:53:07.662 DEBUG 15876 --- [http-nio-8080-exec-7] s.w.s.m.m.a.RequestMappingHandlerMapping : Mapped to fudan.se.lab2.controller.AuthController#login(LoginRequest)
2020-05-09 21:53:07.664 DEBUG 15876 --- [http-nio-8080-exec-7] m.m.a.RequestResponseBodyMethodProcessor : Read "application/json;charset=UTF-8" to [fudan.se.lab2.controller.request.LoginRequest@6b49f0fa]
2020-05-09 21:53:07.869 DEBUG 15876 --- [http-nio-8080-exec-7] o.s.w.s.m.m.a.HttpEntityMethodProcessor  : Using 'application/json', given [application/json, text/plain, */*] and supported [application/json, application/*+json, application/json, application/*+json]
2020-05-09 21:53:07.869 DEBUG 15876 --- [http-nio-8080-exec-7] o.s.w.s.m.m.a.HttpEntityMethodProcessor  : Writing [{institution=复旦, country=China, fullName=guotaian, id=5, message=success, email=18302010041@fudan.ed (truncated)...]
2020-05-09 21:53:07.871 DEBUG 15876 --- [http-nio-8080-exec-7] o.s.web.servlet.DispatcherServlet        : Completed 200 OK
2020-05-09 21:53:08.237 DEBUG 15876 --- [http-nio-8080-exec-2] o.s.web.servlet.DispatcherServlet        : POST "/mailCenter", parameters={}
2020-05-09 21:53:08.238 DEBUG 15876 --- [http-nio-8080-exec-2] s.w.s.m.m.a.RequestMappingHandlerMapping : Mapped to fudan.se.lab2.controller.MessageController#openMailCenter(HttpServletRequest)
2020-05-09 21:53:08.249 DEBUG 15876 --- [http-nio-8080-exec-2] o.s.w.s.m.m.a.HttpEntityMethodProcessor  : Using 'application/json', given [application/json, text/plain, */*] and supported [application/json, application/*+json, application/json, application/*+json]
2020-05-09 21:53:08.249 DEBUG 15876 --- [http-nio-8080-exec-2] o.s.w.s.m.m.a.HttpEntityMethodProcessor  : Writing [{messages=[fudan.se.lab2.controller.response.AllMessageResponse@1095b018, fudan.se.lab2.controller.r (truncated)...]
2020-05-09 21:53:08.255 DEBUG 15876 --- [http-nio-8080-exec-2] o.s.web.servlet.DispatcherServlet        : Completed 200 OK
2020-05-09 21:53:10.565 DEBUG 15876 --- [http-nio-8080-exec-9] o.s.web.servlet.DispatcherServlet        : POST "/ConferenceForChair", parameters={}
2020-05-09 21:53:10.566 DEBUG 15876 --- [http-nio-8080-exec-9] s.w.s.m.m.a.RequestMappingHandlerMapping : Mapped to fudan.se.lab2.controller.MyRelatedConferenceController#showAllConferenceForChair(HttpServletRequest)
2020-05-09 21:53:10.575 DEBUG 15876 --- [http-nio-8080-exec-9] o.s.w.s.m.m.a.HttpEntityMethodProcessor  : Using 'application/json', given [application/json, text/plain, */*] and supported [application/json, application/*+json, application/json, application/*+json]
2020-05-09 21:53:10.575 DEBUG 15876 --- [http-nio-8080-exec-9] o.s.w.s.m.m.a.HttpEntityMethodProcessor  : Writing [{meetings=[fudan.se.lab2.controller.response.AllConferenceResponse@4303f34b, fudan.se.lab2.controlle (truncated)...]
2020-05-09 21:53:10.577 DEBUG 15876 --- [http-nio-8080-exec-9] o.s.web.servlet.DispatcherServlet        : Completed 200 OK
2020-05-09 21:53:13.595 DEBUG 15876 --- [http-nio-8080-exec-4] o.s.web.servlet.DispatcherServlet        : POST "/releaseReviewResult", parameters={}
2020-05-09 21:53:13.596 DEBUG 15876 --- [http-nio-8080-exec-4] s.w.s.m.m.a.RequestMappingHandlerMapping : Mapped to fudan.se.lab2.controller.ResultController#releaseReviewResult(Long, HttpServletRequest)
2020-05-09 21:53:13.597 DEBUG 15876 --- [http-nio-8080-exec-4] .w.s.m.m.a.ServletInvocableHandlerMethod : Could not resolve parameter [0] in public org.springframework.http.ResponseEntity<java.util.HashMap<java.lang.String, java.lang.Object>> fudan.se.lab2.controller.ResultController.releaseReviewResult(java.lang.Long,javax.servlet.http.HttpServletRequest): Required Long parameter 'conference_id' is not present
2020-05-09 21:53:13.597 DEBUG 15876 --- [http-nio-8080-exec-4] .m.m.a.ExceptionHandlerExceptionResolver : Using @ExceptionHandler fudan.se.lab2.exception.ControllerAdvisor#handleException(Exception, WebRequest)
2020-05-09 21:53:13.597 DEBUG 15876 --- [http-nio-8080-exec-4] o.s.w.s.m.m.a.HttpEntityMethodProcessor  : No match for [application/json, text/plain, */*], supported: []
2020-05-09 21:53:13.597  WARN 15876 --- [http-nio-8080-exec-4] .m.m.a.ExceptionHandlerExceptionResolver : Resolved [org.springframework.web.bind.MissingServletRequestParameterException: Required Long parameter 'conference_id' is not present]
2020-05-09 21:53:13.597 DEBUG 15876 --- [http-nio-8080-exec-4] o.s.web.servlet.DispatcherServlet        : Completed 400 BAD_REQUEST
2020-05-09 22:23:28.133 DEBUG 8880 --- [restartedMain] o.s.web.context.ContextLoader            : Published root WebApplicationContext as ServletContext attribute with name [org.springframework.web.context.WebApplicationContext.ROOT]
2020-05-09 22:23:28.141  INFO 8880 --- [restartedMain] o.s.web.context.ContextLoader            : Root WebApplicationContext: initialization completed in 4052 ms
